[debug] [2025-04-02T18:12:48.586Z] ----------------------------------------------------------------------
[debug] [2025-04-02T18:12:48.587Z] Command:       /Users/bhuvantmey/.nvm/versions/node/v22.14.0/bin/node /Users/bhuvantmey/.nvm/versions/node/v22.14.0/bin/firebase emulators:start --only functions
[debug] [2025-04-02T18:12:48.587Z] CLI Version:   13.33.0
[debug] [2025-04-02T18:12:48.587Z] Platform:      darwin
[debug] [2025-04-02T18:12:48.588Z] Node Version:  v22.14.0
[debug] [2025-04-02T18:12:48.588Z] Time:          Wed Apr 02 2025 23:42:48 GMT+0530 (India Standard Time)
[debug] [2025-04-02T18:12:48.588Z] ----------------------------------------------------------------------
[debug] 
[debug] [2025-04-02T18:12:48.683Z] > command requires scopes: ["email","openid","https://www.googleapis.com/auth/cloudplatformprojects.readonly","https://www.googleapis.com/auth/firebase","https://www.googleapis.com/auth/cloud-platform"]
[debug] [2025-04-02T18:12:48.683Z] > authorizing via signed-in user (metaoricx@gmail.com)
[info] i  emulators: Starting emulators: functions {"metadata":{"emulator":{"name":"hub"},"message":"Starting emulators: functions"}}
[debug] [2025-04-02T18:12:48.839Z] [logging] Logging Emulator only supports listening on one address (127.0.0.1). Not listening on ::1
[debug] [2025-04-02T18:12:48.839Z] assigned listening specs for emulators {"user":{"hub":[{"address":"127.0.0.1","family":"IPv4","port":4400},{"address":"::1","family":"IPv6","port":4400}],"ui":[{"address":"127.0.0.1","family":"IPv4","port":4000},{"address":"::1","family":"IPv6","port":4000}],"logging":[{"address":"127.0.0.1","family":"IPv4","port":4500}]},"metadata":{"message":"assigned listening specs for emulators"}}
[debug] [2025-04-02T18:12:48.841Z] [hub] writing locator at /var/folders/jf/mt5rc1w13t98nqz9b3lcqkz80000gn/T/hub-gravatar-user-profiles.json
[debug] [2025-04-02T18:12:48.999Z] [functions] Functions Emulator only supports listening on one address (127.0.0.1). Not listening on ::1
[debug] [2025-04-02T18:12:48.999Z] [eventarc] Eventarc Emulator only supports listening on one address (127.0.0.1). Not listening on ::1
[debug] [2025-04-02T18:12:48.999Z] [tasks] Cloud Tasks Emulator only supports listening on one address (127.0.0.1). Not listening on ::1
[debug] [2025-04-02T18:12:48.999Z] late-assigned ports for functions and eventarc emulators {"user":{"hub":[{"address":"127.0.0.1","family":"IPv4","port":4400},{"address":"::1","family":"IPv6","port":4400}],"ui":[{"address":"127.0.0.1","family":"IPv4","port":4000},{"address":"::1","family":"IPv6","port":4000}],"logging":[{"address":"127.0.0.1","family":"IPv4","port":4500}],"functions":[{"address":"127.0.0.1","family":"IPv4","port":5001}],"eventarc":[{"address":"127.0.0.1","family":"IPv4","port":9299}],"tasks":[{"address":"127.0.0.1","family":"IPv4","port":9499}]},"metadata":{"message":"late-assigned ports for functions and eventarc emulators"}}
[warn] ⚠  functions: The following emulators are not running, calls to these services from the Functions emulator will affect production: apphosting, auth, firestore, database, hosting, pubsub, storage, dataconnect {"metadata":{"emulator":{"name":"functions"},"message":"The following emulators are not running, calls to these services from the Functions emulator will affect production: \u001b[1mapphosting, auth, firestore, database, hosting, pubsub, storage, dataconnect\u001b[22m"}}
[debug] [2025-04-02T18:12:49.000Z] defaultcredentials: writing to file /Users/bhuvantmey/.config/firebase/metaoricx_gmail_com_application_default_credentials.json
[debug] [2025-04-02T18:12:49.002Z] Setting GAC to /Users/bhuvantmey/.config/firebase/metaoricx_gmail_com_application_default_credentials.json {"metadata":{"emulator":{"name":"functions"},"message":"Setting GAC to /Users/bhuvantmey/.config/firebase/metaoricx_gmail_com_application_default_credentials.json"}}
[debug] [2025-04-02T18:12:49.002Z] Checked if tokens are valid: true, expires at: 1743619951844
[debug] [2025-04-02T18:12:49.002Z] Checked if tokens are valid: true, expires at: 1743619951844
[debug] [2025-04-02T18:12:49.002Z] >>> [apiv2][query] GET https://firebase.googleapis.com/v1beta1/projects/gravatar-user-profiles/adminSdkConfig [none]
[debug] [2025-04-02T18:12:49.800Z] <<< [apiv2][status] GET https://firebase.googleapis.com/v1beta1/projects/gravatar-user-profiles/adminSdkConfig 200
[debug] [2025-04-02T18:12:49.800Z] <<< [apiv2][body] GET https://firebase.googleapis.com/v1beta1/projects/gravatar-user-profiles/adminSdkConfig {"projectId":"gravatar-user-profiles","storageBucket":"gravatar-user-profiles.firebasestorage.app"}
[info] i  functions: Watching "/Users/bhuvantmey/Documents/gravatar-user-profiles/functions" for Cloud Functions... {"metadata":{"emulator":{"name":"functions"},"message":"Watching \"/Users/bhuvantmey/Documents/gravatar-user-profiles/functions\" for Cloud Functions..."}}
[debug] [2025-04-02T18:12:49.828Z] Validating nodejs source
[debug] [2025-04-02T18:12:50.469Z] > [functions] package.json contents: {
  "name": "functions",
  "description": "Cloud Functions for Firebase",
  "scripts": {
    "lint": "eslint .",
    "serve": "firebase emulators:start --only functions",
    "shell": "firebase functions:shell",
    "start": "npm run shell",
    "deploy": "firebase deploy --only functions",
    "logs": "firebase functions:log"
  },
  "engines": {
    "node": "22"
  },
  "main": "index.js",
  "dependencies": {
    "firebase-admin": "^13.2.0",
    "firebase-functions": "^6.3.2"
  },
  "devDependencies": {
    "eslint": "^8.15.0",
    "eslint-config-google": "^0.14.0",
    "firebase-functions-test": "^3.1.0"
  },
  "private": true
}
[debug] [2025-04-02T18:12:50.469Z] Building nodejs source
[debug] [2025-04-02T18:12:50.469Z] Failed to find version of module node: reached end of search path /Users/bhuvantmey/Documents/gravatar-user-profiles/functions/node_modules
[info] ✔  functions: Using node@22 from host. 
[debug] [2025-04-02T18:12:50.471Z] Could not find functions.yaml. Must use http discovery
[debug] [2025-04-02T18:12:50.474Z] Found firebase-functions binary at '/Users/bhuvantmey/Documents/gravatar-user-profiles/functions/node_modules/.bin/firebase-functions'
[info] Serving at port 8573

[debug] [2025-04-02T18:12:50.632Z] Got response from /__/functions.yaml {"endpoints":{"v1":{"availableMemoryMb":null,"timeoutSeconds":null,"minInstances":null,"maxInstances":null,"ingressSettings":null,"concurrency":null,"serviceAccountEmail":null,"vpc":null,"platform":"gcfv2","labels":{},"httpsTrigger":{},"entryPoint":"v1"}},"specVersion":"v1alpha1","requiredAPIs":[],"extensions":{}}
[info] ✔  functions: Loaded functions definitions from source: v1. {"metadata":{"emulator":{"name":"functions"},"message":"Loaded functions definitions from source: v1."}}
[info] ✔  functions[us-central1-v1]: http function initialized (http://127.0.0.1:5001/gravatar-user-profiles/us-central1/v1). {"metadata":{"emulator":{"name":"functions"},"message":"\u001b[1mhttp\u001b[22m function initialized (http://127.0.0.1:5001/gravatar-user-profiles/us-central1/v1)."}}
[debug] [2025-04-02T18:12:54.657Z] Could not find VSCode notification endpoint: FetchError: request to http://localhost:40001/vscode/notify failed, reason: . If you are not running the Firebase Data Connect VSCode extension, this is expected and not an issue.
[info] 
┌─────────────────────────────────────────────────────────────┐
│ ✔  All emulators ready! It is now safe to connect your app. │
│ i  View Emulator UI at http://127.0.0.1:4000/               │
└─────────────────────────────────────────────────────────────┘

┌───────────┬────────────────┬─────────────────────────────────┐
│ Emulator  │ Host:Port      │ View in Emulator UI             │
├───────────┼────────────────┼─────────────────────────────────┤
│ Functions │ 127.0.0.1:5001 │ http://127.0.0.1:4000/functions │
└───────────┴────────────────┴─────────────────────────────────┘
  Emulator Hub host: 127.0.0.1 port: 4400
  Other reserved ports: 4500

Issues? Report them at https://github.com/firebase/firebase-tools/issues and attach the *-debug.log files.
 
[debug] [2025-04-02T18:17:47.323Z] [work-queue] {"queuedWork":["/gravatar-user-profiles/us-central1/v1/users/profiles-2025-04-02T18:17:47.322Z"],"queueLength":1,"runningWork":[],"workRunningCount":0}
[debug] [2025-04-02T18:17:47.324Z] [work-queue] {"queuedWork":[],"queueLength":0,"runningWork":["/gravatar-user-profiles/us-central1/v1/users/profiles-2025-04-02T18:17:47.322Z"],"workRunningCount":1}
[debug] [2025-04-02T18:17:47.324Z] Accepted request OPTIONS /gravatar-user-profiles/us-central1/v1/users/profiles --> us-central1-v1
[debug] [2025-04-02T18:17:47.330Z] [functions] Runtime ready! Sending request! {"metadata":{"emulator":{"name":"functions"},"message":"[functions] Runtime ready! Sending request!"}}
[debug] [2025-04-02T18:17:47.330Z] [functions] Got req.url=/gravatar-user-profiles/us-central1/v1/users/profiles, mapping to path=/users/profiles {"metadata":{"emulator":{"name":"functions"},"message":"[functions] Got req.url=/gravatar-user-profiles/us-central1/v1/users/profiles, mapping to path=/users/profiles"}}
[debug] [2025-04-02T18:17:47.336Z] [worker-pool] addWorker(us-central1-v1) {"metadata":{"emulator":{"name":"functions"},"message":"[worker-pool] addWorker(us-central1-v1)"}}
[debug] [2025-04-02T18:17:47.337Z] [worker-pool] Adding worker with key us-central1-v1, total=1 {"metadata":{"emulator":{"name":"functions"},"message":"[worker-pool] Adding worker with key us-central1-v1, total=1"}}
[debug] [2025-04-02T18:17:47.866Z] [runtime-status] [95084] Resolved module firebase-admin {"declared":true,"installed":true,"version":"13.2.0","resolution":"/Users/bhuvantmey/Documents/gravatar-user-profiles/functions/node_modules/firebase-admin/lib/index.js"} {"metadata":{"emulator":{"name":"functions"},"function":{"name":"us-central1-v1"},"extension":{},"message":"[runtime-status] [95084] Resolved module firebase-admin {\"declared\":true,\"installed\":true,\"version\":\"13.2.0\",\"resolution\":\"/Users/bhuvantmey/Documents/gravatar-user-profiles/functions/node_modules/firebase-admin/lib/index.js\"}"}}
[debug] [2025-04-02T18:17:47.866Z] [runtime-status] [95084] Resolved module firebase-functions {"declared":true,"installed":true,"version":"6.3.2","resolution":"/Users/bhuvantmey/Documents/gravatar-user-profiles/functions/node_modules/firebase-functions/lib/v2/index.js"} {"metadata":{"emulator":{"name":"functions"},"function":{"name":"us-central1-v1"},"extension":{},"message":"[runtime-status] [95084] Resolved module firebase-functions {\"declared\":true,\"installed\":true,\"version\":\"6.3.2\",\"resolution\":\"/Users/bhuvantmey/Documents/gravatar-user-profiles/functions/node_modules/firebase-functions/lib/v2/index.js\"}"}}
[debug] [2025-04-02T18:17:47.866Z] [runtime-status] [95084] Outgoing network have been stubbed. [{"name":"http","status":"mocked"},{"name":"http","status":"mocked"},{"name":"https","status":"mocked"},{"name":"https","status":"mocked"},{"name":"net","status":"mocked"}] {"metadata":{"emulator":{"name":"functions"},"function":{"name":"us-central1-v1"},"extension":{},"message":"[runtime-status] [95084] Outgoing network have been stubbed. [{\"name\":\"http\",\"status\":\"mocked\"},{\"name\":\"http\",\"status\":\"mocked\"},{\"name\":\"https\",\"status\":\"mocked\"},{\"name\":\"https\",\"status\":\"mocked\"},{\"name\":\"net\",\"status\":\"mocked\"}]"}}
[debug] [2025-04-02T18:17:47.867Z] [runtime-status] [95084] Resolved module firebase-functions {"declared":true,"installed":true,"version":"6.3.2","resolution":"/Users/bhuvantmey/Documents/gravatar-user-profiles/functions/node_modules/firebase-functions/lib/v2/index.js"} {"metadata":{"emulator":{"name":"functions"},"function":{"name":"us-central1-v1"},"extension":{},"message":"[runtime-status] [95084] Resolved module firebase-functions {\"declared\":true,\"installed\":true,\"version\":\"6.3.2\",\"resolution\":\"/Users/bhuvantmey/Documents/gravatar-user-profiles/functions/node_modules/firebase-functions/lib/v2/index.js\"}"}}
[debug] [2025-04-02T18:17:48.015Z] [runtime-status] [95084] Checked functions.config() {"config":{}} {"metadata":{"emulator":{"name":"functions"},"function":{"name":"us-central1-v1"},"extension":{},"message":"[runtime-status] [95084] Checked functions.config() {\"config\":{}}"}}
[debug] [2025-04-02T18:17:48.015Z] [runtime-status] [95084] firebase-functions has been stubbed. {"functionsResolution":{"declared":true,"installed":true,"version":"6.3.2","resolution":"/Users/bhuvantmey/Documents/gravatar-user-profiles/functions/node_modules/firebase-functions/lib/v2/index.js"}} {"metadata":{"emulator":{"name":"functions"},"function":{"name":"us-central1-v1"},"extension":{},"message":"[runtime-status] [95084] firebase-functions has been stubbed. {\"functionsResolution\":{\"declared\":true,\"installed\":true,\"version\":\"6.3.2\",\"resolution\":\"/Users/bhuvantmey/Documents/gravatar-user-profiles/functions/node_modules/firebase-functions/lib/v2/index.js\"}}"}}
[debug] [2025-04-02T18:17:48.015Z] [runtime-status] [95084] Resolved module firebase-functions {"declared":true,"installed":true,"version":"6.3.2","resolution":"/Users/bhuvantmey/Documents/gravatar-user-profiles/functions/node_modules/firebase-functions/lib/v2/index.js"} {"metadata":{"emulator":{"name":"functions"},"function":{"name":"us-central1-v1"},"extension":{},"message":"[runtime-status] [95084] Resolved module firebase-functions {\"declared\":true,\"installed\":true,\"version\":\"6.3.2\",\"resolution\":\"/Users/bhuvantmey/Documents/gravatar-user-profiles/functions/node_modules/firebase-functions/lib/v2/index.js\"}"}}
[debug] [2025-04-02T18:17:48.016Z] [runtime-status] [95084] Resolved module firebase-admin {"declared":true,"installed":true,"version":"13.2.0","resolution":"/Users/bhuvantmey/Documents/gravatar-user-profiles/functions/node_modules/firebase-admin/lib/index.js"} {"metadata":{"emulator":{"name":"functions"},"function":{"name":"us-central1-v1"},"extension":{},"message":"[runtime-status] [95084] Resolved module firebase-admin {\"declared\":true,\"installed\":true,\"version\":\"13.2.0\",\"resolution\":\"/Users/bhuvantmey/Documents/gravatar-user-profiles/functions/node_modules/firebase-admin/lib/index.js\"}"}}
[debug] [2025-04-02T18:17:48.017Z] [runtime-status] [95084] Resolved module firebase-functions {"declared":true,"installed":true,"version":"6.3.2","resolution":"/Users/bhuvantmey/Documents/gravatar-user-profiles/functions/node_modules/firebase-functions/lib/v2/index.js"} {"metadata":{"emulator":{"name":"functions"},"function":{"name":"us-central1-v1"},"extension":{},"message":"[runtime-status] [95084] Resolved module firebase-functions {\"declared\":true,\"installed\":true,\"version\":\"6.3.2\",\"resolution\":\"/Users/bhuvantmey/Documents/gravatar-user-profiles/functions/node_modules/firebase-functions/lib/v2/index.js\"}"}}
[debug] [2025-04-02T18:17:48.017Z] [runtime-status] [95084] firebase-admin has been stubbed. {"adminResolution":{"declared":true,"installed":true,"version":"13.2.0","resolution":"/Users/bhuvantmey/Documents/gravatar-user-profiles/functions/node_modules/firebase-admin/lib/index.js"}} {"metadata":{"emulator":{"name":"functions"},"function":{"name":"us-central1-v1"},"extension":{},"message":"[runtime-status] [95084] firebase-admin has been stubbed. {\"adminResolution\":{\"declared\":true,\"installed\":true,\"version\":\"13.2.0\",\"resolution\":\"/Users/bhuvantmey/Documents/gravatar-user-profiles/functions/node_modules/firebase-admin/lib/index.js\"}}"}}
[debug] [2025-04-02T18:17:48.073Z] [runtime-status] [95084] initializeApp(DEFAULT) {"apiKey":"AIzaSyDGqLxFQ6JmfTylwCSFU_-7oX9CjwxvxBI","authDomain":"gravatar-user-profiles.firebaseapp.com","projectId":"gravatar-user-profiles","storageBucket":"gravatar-user-profiles.firebasestorage.app","messagingSenderId":"244535976144","appId":"1:244535976144:web:4de1d8c8077cf89e00bed5"} {"metadata":{"emulator":{"name":"functions"},"function":{"name":"us-central1-v1"},"extension":{},"message":"[runtime-status] [95084] initializeApp(DEFAULT) {\"apiKey\":\"AIzaSyDGqLxFQ6JmfTylwCSFU_-7oX9CjwxvxBI\",\"authDomain\":\"gravatar-user-profiles.firebaseapp.com\",\"projectId\":\"gravatar-user-profiles\",\"storageBucket\":\"gravatar-user-profiles.firebasestorage.app\",\"messagingSenderId\":\"244535976144\",\"appId\":\"1:244535976144:web:4de1d8c8077cf89e00bed5\"}"}}
[warn] ⚠  functions: The Cloud Firestore emulator is not running, so calls to Firestore will affect production. {"metadata":{"emulator":{"name":"functions"},"function":{"name":"us-central1-v1"},"extension":{},"message":"The Cloud Firestore emulator is not running, so calls to Firestore will affect production."}}
[debug] [2025-04-02T18:17:48.076Z] [runtime-status] [95084] Functions runtime initialized. {"cwd":"/Users/bhuvantmey/Documents/gravatar-user-profiles/functions","node_version":"22.14.0"} {"metadata":{"emulator":{"name":"functions"},"function":{"name":"us-central1-v1"},"extension":{},"message":"[runtime-status] [95084] Functions runtime initialized. {\"cwd\":\"/Users/bhuvantmey/Documents/gravatar-user-profiles/functions\",\"node_version\":\"22.14.0\"}"}}
[debug] [2025-04-02T18:17:48.076Z] [runtime-status] [95084] Listening to port: /var/folders/jf/mt5rc1w13t98nqz9b3lcqkz80000gn/T/fire_emu_777983c4e3456d1c.sock {"metadata":{"emulator":{"name":"functions"},"function":{"name":"us-central1-v1"},"extension":{},"message":"[runtime-status] [95084] Listening to port: /var/folders/jf/mt5rc1w13t98nqz9b3lcqkz80000gn/T/fire_emu_777983c4e3456d1c.sock"}}
[debug] [2025-04-02T18:17:48.148Z] [worker-us-central1-v1-d73eafdd-82c4-4754-a8ee-74e1b1e90472]: IDLE {"metadata":{"emulator":{"name":"functions"},"function":{"name":"us-central1-v1"},"extension":{},"message":"[worker-us-central1-v1-d73eafdd-82c4-4754-a8ee-74e1b1e90472]: IDLE"}}
[debug] [2025-04-02T18:17:48.149Z] [worker-pool] submitRequest(triggerId=us-central1-v1) {"metadata":{"emulator":{"name":"functions"},"message":"[worker-pool] submitRequest(triggerId=us-central1-v1)"}}
[info] i  functions: Beginning execution of "us-central1-v1" {"metadata":{"emulator":{"name":"functions"},"function":{"name":"us-central1-v1"},"extension":{},"message":"Beginning execution of \"us-central1-v1\""}}
[debug] [2025-04-02T18:17:48.149Z] [worker-us-central1-v1-d73eafdd-82c4-4754-a8ee-74e1b1e90472]: BUSY {"metadata":{"emulator":{"name":"functions"},"function":{"name":"us-central1-v1"},"extension":{},"message":"[worker-us-central1-v1-d73eafdd-82c4-4754-a8ee-74e1b1e90472]: BUSY"}}
[debug] [2025-04-02T18:17:48.151Z] Finishing up request with event=pause {"metadata":{"emulator":{"name":"functions"},"function":{"name":"us-central1-v1"},"extension":{},"message":"Finishing up request with event=pause"}}
[info] i  functions: Finished "us-central1-v1" in 1.870083ms {"metadata":{"emulator":{"name":"functions"},"function":{"name":"us-central1-v1"},"extension":{},"message":"Finished \"us-central1-v1\" in 1.870083ms"}}
[debug] [2025-04-02T18:17:48.151Z] [worker-us-central1-v1-d73eafdd-82c4-4754-a8ee-74e1b1e90472]: IDLE {"metadata":{"emulator":{"name":"functions"},"function":{"name":"us-central1-v1"},"extension":{},"message":"[worker-us-central1-v1-d73eafdd-82c4-4754-a8ee-74e1b1e90472]: IDLE"}}
[debug] [2025-04-02T18:17:48.151Z] Finishing up request with event=finish {"metadata":{"emulator":{"name":"functions"},"function":{"name":"us-central1-v1"},"extension":{},"message":"Finishing up request with event=finish"}}
[debug] [2025-04-02T18:17:48.151Z] Finishing up request with event=close {"metadata":{"emulator":{"name":"functions"},"function":{"name":"us-central1-v1"},"extension":{},"message":"Finishing up request with event=close"}}
[debug] [2025-04-02T18:17:48.151Z] [work-queue] {"queuedWork":[],"queueLength":0,"runningWork":[],"workRunningCount":0}
[debug] [2025-04-02T18:17:48.153Z] [work-queue] {"queuedWork":["/gravatar-user-profiles/us-central1/v1/users/profiles-2025-04-02T18:17:48.153Z"],"queueLength":1,"runningWork":[],"workRunningCount":0}
[debug] [2025-04-02T18:17:48.153Z] [work-queue] {"queuedWork":[],"queueLength":0,"runningWork":["/gravatar-user-profiles/us-central1/v1/users/profiles-2025-04-02T18:17:48.153Z"],"workRunningCount":1}
[debug] [2025-04-02T18:17:48.153Z] Accepted request POST /gravatar-user-profiles/us-central1/v1/users/profiles --> us-central1-v1
[debug] [2025-04-02T18:17:48.153Z] [functions] Runtime ready! Sending request! {"metadata":{"emulator":{"name":"functions"},"message":"[functions] Runtime ready! Sending request!"}}
[debug] [2025-04-02T18:17:48.153Z] [functions] Got req.url=/gravatar-user-profiles/us-central1/v1/users/profiles, mapping to path=/users/profiles {"metadata":{"emulator":{"name":"functions"},"message":"[functions] Got req.url=/gravatar-user-profiles/us-central1/v1/users/profiles, mapping to path=/users/profiles"}}
[debug] [2025-04-02T18:17:48.153Z] [worker-pool] submitRequest(triggerId=us-central1-v1) {"metadata":{"emulator":{"name":"functions"},"message":"[worker-pool] submitRequest(triggerId=us-central1-v1)"}}
[info] i  functions: Beginning execution of "us-central1-v1" {"metadata":{"emulator":{"name":"functions"},"function":{"name":"us-central1-v1"},"extension":{},"message":"Beginning execution of \"us-central1-v1\""}}
[debug] [2025-04-02T18:17:48.153Z] [worker-us-central1-v1-d73eafdd-82c4-4754-a8ee-74e1b1e90472]: BUSY {"metadata":{"emulator":{"name":"functions"},"function":{"name":"us-central1-v1"},"extension":{},"message":"[worker-us-central1-v1-d73eafdd-82c4-4754-a8ee-74e1b1e90472]: BUSY"}}
[info] >  req.body {"email":"jeyaroshini9219@gmail.com","fullName":"Jeyarose","userName":"Jeyaroshini L S S","phoneNumber":"6383342184","city":"Dharmapuri","country":"India","bio":"web","socialLinks":[{"label":"YouTube","url":"https://www.youtube.com/@015_it_jeyaroshinilss6"}]} {"user":"req.body {\"email\":\"jeyaroshini9219@gmail.com\",\"fullName\":\"Jeyarose\",\"userName\":\"Jeyaroshini L S S\",\"phoneNumber\":\"6383342184\",\"city\":\"Dharmapuri\",\"country\":\"India\",\"bio\":\"web\",\"socialLinks\":[{\"label\":\"YouTube\",\"url\":\"https://www.youtube.com/@015_it_jeyaroshinilss6\"}]}","metadata":{"emulator":{"name":"functions"},"function":{"name":"us-central1-v1"},"extension":{},"message":"\u001b[90m> \u001b[39m req.body {\"email\":\"jeyaroshini9219@gmail.com\",\"fullName\":\"Jeyarose\",\"userName\":\"Jeyaroshini L S S\",\"phoneNumber\":\"6383342184\",\"city\":\"Dharmapuri\",\"country\":\"India\",\"bio\":\"web\",\"socialLinks\":[{\"label\":\"YouTube\",\"url\":\"https://www.youtube.com/@015_it_jeyaroshinilss6\"}]}"}}
[warn] ⚠  Google API requested!
   - URL: "https://oauth2.googleapis.com/token"
   - Be careful, this may be a production service. {"metadata":{"emulator":{"name":"functions"},"function":{"name":"us-central1-v1"},"extension":{},"message":"Google API requested!\n   - URL: \"https://oauth2.googleapis.com/token\"\n   - Be careful, this may be a production service."}}
[info] >  gravatar { {"user":"gravatar {","metadata":{"emulator":{"name":"functions"},"function":{"name":"us-central1-v1"},"extension":{},"message":"\u001b[90m> \u001b[39m gravatar {"}}
[info] >    hash: 'a9818b1879a7dc943bd72370ddf38ac2666060ba3871811cc1d976a9ad42c60c', {"user":"  hash: 'a9818b1879a7dc943bd72370ddf38ac2666060ba3871811cc1d976a9ad42c60c',","metadata":{"emulator":{"name":"functions"},"function":{"name":"us-central1-v1"},"extension":{},"message":"\u001b[90m> \u001b[39m   hash: 'a9818b1879a7dc943bd72370ddf38ac2666060ba3871811cc1d976a9ad42c60c',"}}
[info] >    display_name: 'Jeyaroshini', {"user":"  display_name: 'Jeyaroshini',","metadata":{"emulator":{"name":"functions"},"function":{"name":"us-central1-v1"},"extension":{},"message":"\u001b[90m> \u001b[39m   display_name: 'Jeyaroshini',"}}
[info] >    profile_url: 'https://gravatar.com/zorrodreamily3536442bbc', {"user":"  profile_url: 'https://gravatar.com/zorrodreamily3536442bbc',","metadata":{"emulator":{"name":"functions"},"function":{"name":"us-central1-v1"},"extension":{},"message":"\u001b[90m> \u001b[39m   profile_url: 'https://gravatar.com/zorrodreamily3536442bbc',"}}
[info] >    avatar_url: 'https://0.gravatar.com/avatar/a9818b1879a7dc943bd72370ddf38ac2666060ba3871811cc1d976a9ad42c60c', {"user":"  avatar_url: 'https://0.gravatar.com/avatar/a9818b1879a7dc943bd72370ddf38ac2666060ba3871811cc1d976a9ad42c60c',","metadata":{"emulator":{"name":"functions"},"function":{"name":"us-central1-v1"},"extension":{},"message":"\u001b[90m> \u001b[39m   avatar_url: 'https://0.gravatar.com/avatar/a9818b1879a7dc943bd72370ddf38ac2666060ba3871811cc1d976a9ad42c60c',"}}
[info] >    avatar_alt_text: '', {"user":"  avatar_alt_text: '',","metadata":{"emulator":{"name":"functions"},"function":{"name":"us-central1-v1"},"extension":{},"message":"\u001b[90m> \u001b[39m   avatar_alt_text: '',"}}
[info] >    location: 'Madurai', {"user":"  location: 'Madurai',","metadata":{"emulator":{"name":"functions"},"function":{"name":"us-central1-v1"},"extension":{},"message":"\u001b[90m> \u001b[39m   location: 'Madurai',"}}
[info] >    description: '', {"user":"  description: '',","metadata":{"emulator":{"name":"functions"},"function":{"name":"us-central1-v1"},"extension":{},"message":"\u001b[90m> \u001b[39m   description: '',"}}
[info] >    job_title: '', {"user":"  job_title: '',","metadata":{"emulator":{"name":"functions"},"function":{"name":"us-central1-v1"},"extension":{},"message":"\u001b[90m> \u001b[39m   job_title: '',"}}
[info] >    company: '', {"user":"  company: '',","metadata":{"emulator":{"name":"functions"},"function":{"name":"us-central1-v1"},"extension":{},"message":"\u001b[90m> \u001b[39m   company: '',"}}
[info] >    verified_accounts: [ {"user":"  verified_accounts: [","metadata":{"emulator":{"name":"functions"},"function":{"name":"us-central1-v1"},"extension":{},"message":"\u001b[90m> \u001b[39m   verified_accounts: ["}}
[info] >      { {"user":"    {","metadata":{"emulator":{"name":"functions"},"function":{"name":"us-central1-v1"},"extension":{},"message":"\u001b[90m> \u001b[39m     {"}}
[info] >        service_type: 'linkedin', {"user":"      service_type: 'linkedin',","metadata":{"emulator":{"name":"functions"},"function":{"name":"us-central1-v1"},"extension":{},"message":"\u001b[90m> \u001b[39m       service_type: 'linkedin',"}}
[info] >        service_label: 'LinkedIn', {"user":"      service_label: 'LinkedIn',","metadata":{"emulator":{"name":"functions"},"function":{"name":"us-central1-v1"},"extension":{},"message":"\u001b[90m> \u001b[39m       service_label: 'LinkedIn',"}}
[info] >        service_icon: 'https://gravatar.com/icons/linkedin.svg', {"user":"      service_icon: 'https://gravatar.com/icons/linkedin.svg',","metadata":{"emulator":{"name":"functions"},"function":{"name":"us-central1-v1"},"extension":{},"message":"\u001b[90m> \u001b[39m       service_icon: 'https://gravatar.com/icons/linkedin.svg',"}}
[info] >        url: 'https://www.linkedin.com/in/l-s-s-jeyaroshini-2930bb213', {"user":"      url: 'https://www.linkedin.com/in/l-s-s-jeyaroshini-2930bb213',","metadata":{"emulator":{"name":"functions"},"function":{"name":"us-central1-v1"},"extension":{},"message":"\u001b[90m> \u001b[39m       url: 'https://www.linkedin.com/in/l-s-s-jeyaroshini-2930bb213',"}}
[info] >        is_hidden: false {"user":"      is_hidden: false","metadata":{"emulator":{"name":"functions"},"function":{"name":"us-central1-v1"},"extension":{},"message":"\u001b[90m> \u001b[39m       is_hidden: false"}}
[info] >      } {"user":"    }","metadata":{"emulator":{"name":"functions"},"function":{"name":"us-central1-v1"},"extension":{},"message":"\u001b[90m> \u001b[39m     }"}}
[info] >    ], {"user":"  ],","metadata":{"emulator":{"name":"functions"},"function":{"name":"us-central1-v1"},"extension":{},"message":"\u001b[90m> \u001b[39m   ],"}}
[info] >    pronunciation: '', {"user":"  pronunciation: '',","metadata":{"emulator":{"name":"functions"},"function":{"name":"us-central1-v1"},"extension":{},"message":"\u001b[90m> \u001b[39m   pronunciation: '',"}}
[info] >    pronouns: '', {"user":"  pronouns: '',","metadata":{"emulator":{"name":"functions"},"function":{"name":"us-central1-v1"},"extension":{},"message":"\u001b[90m> \u001b[39m   pronouns: '',"}}
[info] >    timezone: '', {"user":"  timezone: '',","metadata":{"emulator":{"name":"functions"},"function":{"name":"us-central1-v1"},"extension":{},"message":"\u001b[90m> \u001b[39m   timezone: '',"}}
[info] >    languages: [], {"user":"  languages: [],","metadata":{"emulator":{"name":"functions"},"function":{"name":"us-central1-v1"},"extension":{},"message":"\u001b[90m> \u001b[39m   languages: [],"}}
[info] >    first_name: '', {"user":"  first_name: '',","metadata":{"emulator":{"name":"functions"},"function":{"name":"us-central1-v1"},"extension":{},"message":"\u001b[90m> \u001b[39m   first_name: '',"}}
[info] >    last_name: '', {"user":"  last_name: '',","metadata":{"emulator":{"name":"functions"},"function":{"name":"us-central1-v1"},"extension":{},"message":"\u001b[90m> \u001b[39m   last_name: '',"}}
[info] >    is_organization: false, {"user":"  is_organization: false,","metadata":{"emulator":{"name":"functions"},"function":{"name":"us-central1-v1"},"extension":{},"message":"\u001b[90m> \u001b[39m   is_organization: false,"}}
[info] >    links: [ {"user":"  links: [","metadata":{"emulator":{"name":"functions"},"function":{"name":"us-central1-v1"},"extension":{},"message":"\u001b[90m> \u001b[39m   links: ["}}
[info] >      { {"user":"    {","metadata":{"emulator":{"name":"functions"},"function":{"name":"us-central1-v1"},"extension":{},"message":"\u001b[90m> \u001b[39m     {"}}
[info] >        label: 'Linked In', {"user":"      label: 'Linked In',","metadata":{"emulator":{"name":"functions"},"function":{"name":"us-central1-v1"},"extension":{},"message":"\u001b[90m> \u001b[39m       label: 'Linked In',"}}
[info] >        url: 'https://www.linkedin.com/in/l-s-s-jeyaroshini-2930bb213/' {"user":"      url: 'https://www.linkedin.com/in/l-s-s-jeyaroshini-2930bb213/'","metadata":{"emulator":{"name":"functions"},"function":{"name":"us-central1-v1"},"extension":{},"message":"\u001b[90m> \u001b[39m       url: 'https://www.linkedin.com/in/l-s-s-jeyaroshini-2930bb213/'"}}
[info] >      } {"user":"    }","metadata":{"emulator":{"name":"functions"},"function":{"name":"us-central1-v1"},"extension":{},"message":"\u001b[90m> \u001b[39m     }"}}
[info] >    ], {"user":"  ],","metadata":{"emulator":{"name":"functions"},"function":{"name":"us-central1-v1"},"extension":{},"message":"\u001b[90m> \u001b[39m   ],"}}
[info] >    interests: [ { id: 97, name: 'Cooking' }, { id: 150, name: 'Gardening' } ], {"user":"  interests: [ { id: 97, name: 'Cooking' }, { id: 150, name: 'Gardening' } ],","metadata":{"emulator":{"name":"functions"},"function":{"name":"us-central1-v1"},"extension":{},"message":"\u001b[90m> \u001b[39m   interests: [ { id: 97, name: 'Cooking' }, { id: 150, name: 'Gardening' } ],"}}
[info] >    payments: { links: [], crypto_wallets: [] }, {"user":"  payments: { links: [], crypto_wallets: [] },","metadata":{"emulator":{"name":"functions"},"function":{"name":"us-central1-v1"},"extension":{},"message":"\u001b[90m> \u001b[39m   payments: { links: [], crypto_wallets: [] },"}}
[info] >    contact_info: { {"user":"  contact_info: {","metadata":{"emulator":{"name":"functions"},"function":{"name":"us-central1-v1"},"extension":{},"message":"\u001b[90m> \u001b[39m   contact_info: {"}}
[info] >      home_phone: '', {"user":"    home_phone: '',","metadata":{"emulator":{"name":"functions"},"function":{"name":"us-central1-v1"},"extension":{},"message":"\u001b[90m> \u001b[39m     home_phone: '',"}}
[info] >      work_phone: '', {"user":"    work_phone: '',","metadata":{"emulator":{"name":"functions"},"function":{"name":"us-central1-v1"},"extension":{},"message":"\u001b[90m> \u001b[39m     work_phone: '',"}}
[info] >      cell_phone: '', {"user":"    cell_phone: '',","metadata":{"emulator":{"name":"functions"},"function":{"name":"us-central1-v1"},"extension":{},"message":"\u001b[90m> \u001b[39m     cell_phone: '',"}}
[info] >      email: 'jeyaroshini2001@gmail.com', {"user":"    email: 'jeyaroshini2001@gmail.com',","metadata":{"emulator":{"name":"functions"},"function":{"name":"us-central1-v1"},"extension":{},"message":"\u001b[90m> \u001b[39m     email: 'jeyaroshini2001@gmail.com',"}}
[info] >      contact_form: '', {"user":"    contact_form: '',","metadata":{"emulator":{"name":"functions"},"function":{"name":"us-central1-v1"},"extension":{},"message":"\u001b[90m> \u001b[39m     contact_form: '',"}}
[info] >      calendar: '' {"user":"    calendar: ''","metadata":{"emulator":{"name":"functions"},"function":{"name":"us-central1-v1"},"extension":{},"message":"\u001b[90m> \u001b[39m     calendar: ''"}}
[info] >    }, {"user":"  },","metadata":{"emulator":{"name":"functions"},"function":{"name":"us-central1-v1"},"extension":{},"message":"\u001b[90m> \u001b[39m   },"}}
[info] >    gallery: [], {"user":"  gallery: [],","metadata":{"emulator":{"name":"functions"},"function":{"name":"us-central1-v1"},"extension":{},"message":"\u001b[90m> \u001b[39m   gallery: [],"}}
[info] >    number_verified_accounts: 1, {"user":"  number_verified_accounts: 1,","metadata":{"emulator":{"name":"functions"},"function":{"name":"us-central1-v1"},"extension":{},"message":"\u001b[90m> \u001b[39m   number_verified_accounts: 1,"}}
[info] >    last_profile_edit: '2025-04-02T17:33:24Z', {"user":"  last_profile_edit: '2025-04-02T17:33:24Z',","metadata":{"emulator":{"name":"functions"},"function":{"name":"us-central1-v1"},"extension":{},"message":"\u001b[90m> \u001b[39m   last_profile_edit: '2025-04-02T17:33:24Z',"}}
[info] >    registration_date: '2025-04-01T08:12:36Z' {"user":"  registration_date: '2025-04-01T08:12:36Z'","metadata":{"emulator":{"name":"functions"},"function":{"name":"us-central1-v1"},"extension":{},"message":"\u001b[90m> \u001b[39m   registration_date: '2025-04-01T08:12:36Z'"}}
[info] >  } {"user":"}","metadata":{"emulator":{"name":"functions"},"function":{"name":"us-central1-v1"},"extension":{},"message":"\u001b[90m> \u001b[39m }"}}
[info] >  { {"user":"{","metadata":{"emulator":{"name":"functions"},"function":{"name":"us-central1-v1"},"extension":{},"message":"\u001b[90m> \u001b[39m {"}}
[info] >    email: 'jeyaroshini9219@gmail.com', {"user":"  email: 'jeyaroshini9219@gmail.com',","metadata":{"emulator":{"name":"functions"},"function":{"name":"us-central1-v1"},"extension":{},"message":"\u001b[90m> \u001b[39m   email: 'jeyaroshini9219@gmail.com',"}}
[info] >    fullName: 'Jeyarose', {"user":"  fullName: 'Jeyarose',","metadata":{"emulator":{"name":"functions"},"function":{"name":"us-central1-v1"},"extension":{},"message":"\u001b[90m> \u001b[39m   fullName: 'Jeyarose',"}}
[info] >    userName: 'Jeyaroshini L S S', {"user":"  userName: 'Jeyaroshini L S S',","metadata":{"emulator":{"name":"functions"},"function":{"name":"us-central1-v1"},"extension":{},"message":"\u001b[90m> \u001b[39m   userName: 'Jeyaroshini L S S',"}}
[info] >    phoneNumber: '6383342184', {"user":"  phoneNumber: '6383342184',","metadata":{"emulator":{"name":"functions"},"function":{"name":"us-central1-v1"},"extension":{},"message":"\u001b[90m> \u001b[39m   phoneNumber: '6383342184',"}}
[info] >    city: 'Dharmapuri', {"user":"  city: 'Dharmapuri',","metadata":{"emulator":{"name":"functions"},"function":{"name":"us-central1-v1"},"extension":{},"message":"\u001b[90m> \u001b[39m   city: 'Dharmapuri',"}}
[info] >    country: 'India', {"user":"  country: 'India',","metadata":{"emulator":{"name":"functions"},"function":{"name":"us-central1-v1"},"extension":{},"message":"\u001b[90m> \u001b[39m   country: 'India',"}}
[info] >    location: 'Dharmapuri, India', {"user":"  location: 'Dharmapuri, India',","metadata":{"emulator":{"name":"functions"},"function":{"name":"us-central1-v1"},"extension":{},"message":"\u001b[90m> \u001b[39m   location: 'Dharmapuri, India',"}}
[info] >    bio: 'web', {"user":"  bio: 'web',","metadata":{"emulator":{"name":"functions"},"function":{"name":"us-central1-v1"},"extension":{},"message":"\u001b[90m> \u001b[39m   bio: 'web',"}}
[info] >    socialLinks: [ {"user":"  socialLinks: [","metadata":{"emulator":{"name":"functions"},"function":{"name":"us-central1-v1"},"extension":{},"message":"\u001b[90m> \u001b[39m   socialLinks: ["}}
[info] >      { {"user":"    {","metadata":{"emulator":{"name":"functions"},"function":{"name":"us-central1-v1"},"extension":{},"message":"\u001b[90m> \u001b[39m     {"}}
[info] >        label: 'YouTube', {"user":"      label: 'YouTube',","metadata":{"emulator":{"name":"functions"},"function":{"name":"us-central1-v1"},"extension":{},"message":"\u001b[90m> \u001b[39m       label: 'YouTube',"}}
[info] >        url: 'https://www.youtube.com/@015_it_jeyaroshinilss6' {"user":"      url: 'https://www.youtube.com/@015_it_jeyaroshinilss6'","metadata":{"emulator":{"name":"functions"},"function":{"name":"us-central1-v1"},"extension":{},"message":"\u001b[90m> \u001b[39m       url: 'https://www.youtube.com/@015_it_jeyaroshinilss6'"}}
[info] >      } {"user":"    }","metadata":{"emulator":{"name":"functions"},"function":{"name":"us-central1-v1"},"extension":{},"message":"\u001b[90m> \u001b[39m     }"}}
[info] >    ], {"user":"  ],","metadata":{"emulator":{"name":"functions"},"function":{"name":"us-central1-v1"},"extension":{},"message":"\u001b[90m> \u001b[39m   ],"}}
[info] >    gravatar: { {"user":"  gravatar: {","metadata":{"emulator":{"name":"functions"},"function":{"name":"us-central1-v1"},"extension":{},"message":"\u001b[90m> \u001b[39m   gravatar: {"}}
[info] >      userName: 'Jeyaroshini', {"user":"    userName: 'Jeyaroshini',","metadata":{"emulator":{"name":"functions"},"function":{"name":"us-central1-v1"},"extension":{},"message":"\u001b[90m> \u001b[39m     userName: 'Jeyaroshini',"}}
[info] >      profile_url: 'https://gravatar.com/zorrodreamily3536442bbc', {"user":"    profile_url: 'https://gravatar.com/zorrodreamily3536442bbc',","metadata":{"emulator":{"name":"functions"},"function":{"name":"us-central1-v1"},"extension":{},"message":"\u001b[90m> \u001b[39m     profile_url: 'https://gravatar.com/zorrodreamily3536442bbc',"}}
[info] >      avatar_url: { {"user":"    avatar_url: {","metadata":{"emulator":{"name":"functions"},"function":{"name":"us-central1-v1"},"extension":{},"message":"\u001b[90m> \u001b[39m     avatar_url: {"}}
[info] >        url: 'https://0.gravatar.com/avatar/a9818b1879a7dc943bd72370ddf38ac2666060ba3871811cc1d976a9ad42c60c', {"user":"      url: 'https://0.gravatar.com/avatar/a9818b1879a7dc943bd72370ddf38ac2666060ba3871811cc1d976a9ad42c60c',","metadata":{"emulator":{"name":"functions"},"function":{"name":"us-central1-v1"},"extension":{},"message":"\u001b[90m> \u001b[39m       url: 'https://0.gravatar.com/avatar/a9818b1879a7dc943bd72370ddf38ac2666060ba3871811cc1d976a9ad42c60c',"}}
[info] >        background_color: '' {"user":"      background_color: ''","metadata":{"emulator":{"name":"functions"},"function":{"name":"us-central1-v1"},"extension":{},"message":"\u001b[90m> \u001b[39m       background_color: ''"}}
[info] >      }, {"user":"    },","metadata":{"emulator":{"name":"functions"},"function":{"name":"us-central1-v1"},"extension":{},"message":"\u001b[90m> \u001b[39m     },"}}
[info] >      location: 'Madurai', {"user":"    location: 'Madurai',","metadata":{"emulator":{"name":"functions"},"function":{"name":"us-central1-v1"},"extension":{},"message":"\u001b[90m> \u001b[39m     location: 'Madurai',"}}
[info] >      bio: '' {"user":"    bio: ''","metadata":{"emulator":{"name":"functions"},"function":{"name":"us-central1-v1"},"extension":{},"message":"\u001b[90m> \u001b[39m     bio: ''"}}
[info] >    }, {"user":"  },","metadata":{"emulator":{"name":"functions"},"function":{"name":"us-central1-v1"},"extension":{},"message":"\u001b[90m> \u001b[39m   },"}}
[info] >    gravatarOrginal: { {"user":"  gravatarOrginal: {","metadata":{"emulator":{"name":"functions"},"function":{"name":"us-central1-v1"},"extension":{},"message":"\u001b[90m> \u001b[39m   gravatarOrginal: {"}}
[info] >      hash: 'a9818b1879a7dc943bd72370ddf38ac2666060ba3871811cc1d976a9ad42c60c', {"user":"    hash: 'a9818b1879a7dc943bd72370ddf38ac2666060ba3871811cc1d976a9ad42c60c',","metadata":{"emulator":{"name":"functions"},"function":{"name":"us-central1-v1"},"extension":{},"message":"\u001b[90m> \u001b[39m     hash: 'a9818b1879a7dc943bd72370ddf38ac2666060ba3871811cc1d976a9ad42c60c',"}}
[info] >      display_name: 'Jeyaroshini', {"user":"    display_name: 'Jeyaroshini',","metadata":{"emulator":{"name":"functions"},"function":{"name":"us-central1-v1"},"extension":{},"message":"\u001b[90m> \u001b[39m     display_name: 'Jeyaroshini',"}}
[info] >      profile_url: 'https://gravatar.com/zorrodreamily3536442bbc', {"user":"    profile_url: 'https://gravatar.com/zorrodreamily3536442bbc',","metadata":{"emulator":{"name":"functions"},"function":{"name":"us-central1-v1"},"extension":{},"message":"\u001b[90m> \u001b[39m     profile_url: 'https://gravatar.com/zorrodreamily3536442bbc',"}}
[info] >      avatar_url: 'https://0.gravatar.com/avatar/a9818b1879a7dc943bd72370ddf38ac2666060ba3871811cc1d976a9ad42c60c', {"user":"    avatar_url: 'https://0.gravatar.com/avatar/a9818b1879a7dc943bd72370ddf38ac2666060ba3871811cc1d976a9ad42c60c',","metadata":{"emulator":{"name":"functions"},"function":{"name":"us-central1-v1"},"extension":{},"message":"\u001b[90m> \u001b[39m     avatar_url: 'https://0.gravatar.com/avatar/a9818b1879a7dc943bd72370ddf38ac2666060ba3871811cc1d976a9ad42c60c',"}}
[info] >      avatar_alt_text: '', {"user":"    avatar_alt_text: '',","metadata":{"emulator":{"name":"functions"},"function":{"name":"us-central1-v1"},"extension":{},"message":"\u001b[90m> \u001b[39m     avatar_alt_text: '',"}}
[info] >      location: 'Madurai', {"user":"    location: 'Madurai',","metadata":{"emulator":{"name":"functions"},"function":{"name":"us-central1-v1"},"extension":{},"message":"\u001b[90m> \u001b[39m     location: 'Madurai',"}}
[info] >      description: '', {"user":"    description: '',","metadata":{"emulator":{"name":"functions"},"function":{"name":"us-central1-v1"},"extension":{},"message":"\u001b[90m> \u001b[39m     description: '',"}}
[info] >      job_title: '', {"user":"    job_title: '',","metadata":{"emulator":{"name":"functions"},"function":{"name":"us-central1-v1"},"extension":{},"message":"\u001b[90m> \u001b[39m     job_title: '',"}}
[info] >      company: '', {"user":"    company: '',","metadata":{"emulator":{"name":"functions"},"function":{"name":"us-central1-v1"},"extension":{},"message":"\u001b[90m> \u001b[39m     company: '',"}}
[info] >      verified_accounts: [ [Object] ], {"user":"    verified_accounts: [ [Object] ],","metadata":{"emulator":{"name":"functions"},"function":{"name":"us-central1-v1"},"extension":{},"message":"\u001b[90m> \u001b[39m     verified_accounts: [ [Object] ],"}}
[info] >      pronunciation: '', {"user":"    pronunciation: '',","metadata":{"emulator":{"name":"functions"},"function":{"name":"us-central1-v1"},"extension":{},"message":"\u001b[90m> \u001b[39m     pronunciation: '',"}}
[info] >      pronouns: '', {"user":"    pronouns: '',","metadata":{"emulator":{"name":"functions"},"function":{"name":"us-central1-v1"},"extension":{},"message":"\u001b[90m> \u001b[39m     pronouns: '',"}}
[info] >      timezone: '', {"user":"    timezone: '',","metadata":{"emulator":{"name":"functions"},"function":{"name":"us-central1-v1"},"extension":{},"message":"\u001b[90m> \u001b[39m     timezone: '',"}}
[info] >      languages: [], {"user":"    languages: [],","metadata":{"emulator":{"name":"functions"},"function":{"name":"us-central1-v1"},"extension":{},"message":"\u001b[90m> \u001b[39m     languages: [],"}}
[info] >      first_name: '', {"user":"    first_name: '',","metadata":{"emulator":{"name":"functions"},"function":{"name":"us-central1-v1"},"extension":{},"message":"\u001b[90m> \u001b[39m     first_name: '',"}}
[info] >      last_name: '', {"user":"    last_name: '',","metadata":{"emulator":{"name":"functions"},"function":{"name":"us-central1-v1"},"extension":{},"message":"\u001b[90m> \u001b[39m     last_name: '',"}}
[info] >      is_organization: false, {"user":"    is_organization: false,","metadata":{"emulator":{"name":"functions"},"function":{"name":"us-central1-v1"},"extension":{},"message":"\u001b[90m> \u001b[39m     is_organization: false,"}}
[info] >      links: [ [Object] ], {"user":"    links: [ [Object] ],","metadata":{"emulator":{"name":"functions"},"function":{"name":"us-central1-v1"},"extension":{},"message":"\u001b[90m> \u001b[39m     links: [ [Object] ],"}}
[info] >      interests: [ [Object], [Object] ], {"user":"    interests: [ [Object], [Object] ],","metadata":{"emulator":{"name":"functions"},"function":{"name":"us-central1-v1"},"extension":{},"message":"\u001b[90m> \u001b[39m     interests: [ [Object], [Object] ],"}}
[info] >      payments: { links: [], crypto_wallets: [] }, {"user":"    payments: { links: [], crypto_wallets: [] },","metadata":{"emulator":{"name":"functions"},"function":{"name":"us-central1-v1"},"extension":{},"message":"\u001b[90m> \u001b[39m     payments: { links: [], crypto_wallets: [] },"}}
[info] >      contact_info: { {"user":"    contact_info: {","metadata":{"emulator":{"name":"functions"},"function":{"name":"us-central1-v1"},"extension":{},"message":"\u001b[90m> \u001b[39m     contact_info: {"}}
[info] >        home_phone: '', {"user":"      home_phone: '',","metadata":{"emulator":{"name":"functions"},"function":{"name":"us-central1-v1"},"extension":{},"message":"\u001b[90m> \u001b[39m       home_phone: '',"}}
[info] >        work_phone: '', {"user":"      work_phone: '',","metadata":{"emulator":{"name":"functions"},"function":{"name":"us-central1-v1"},"extension":{},"message":"\u001b[90m> \u001b[39m       work_phone: '',"}}
[info] >        cell_phone: '', {"user":"      cell_phone: '',","metadata":{"emulator":{"name":"functions"},"function":{"name":"us-central1-v1"},"extension":{},"message":"\u001b[90m> \u001b[39m       cell_phone: '',"}}
[info] >        email: 'jeyaroshini2001@gmail.com', {"user":"      email: 'jeyaroshini2001@gmail.com',","metadata":{"emulator":{"name":"functions"},"function":{"name":"us-central1-v1"},"extension":{},"message":"\u001b[90m> \u001b[39m       email: 'jeyaroshini2001@gmail.com',"}}
[info] >        contact_form: '', {"user":"      contact_form: '',","metadata":{"emulator":{"name":"functions"},"function":{"name":"us-central1-v1"},"extension":{},"message":"\u001b[90m> \u001b[39m       contact_form: '',"}}
[info] >        calendar: '' {"user":"      calendar: ''","metadata":{"emulator":{"name":"functions"},"function":{"name":"us-central1-v1"},"extension":{},"message":"\u001b[90m> \u001b[39m       calendar: ''"}}
[info] >      }, {"user":"    },","metadata":{"emulator":{"name":"functions"},"function":{"name":"us-central1-v1"},"extension":{},"message":"\u001b[90m> \u001b[39m     },"}}
[info] >      gallery: [], {"user":"    gallery: [],","metadata":{"emulator":{"name":"functions"},"function":{"name":"us-central1-v1"},"extension":{},"message":"\u001b[90m> \u001b[39m     gallery: [],"}}
[info] >      number_verified_accounts: 1, {"user":"    number_verified_accounts: 1,","metadata":{"emulator":{"name":"functions"},"function":{"name":"us-central1-v1"},"extension":{},"message":"\u001b[90m> \u001b[39m     number_verified_accounts: 1,"}}
[info] >      last_profile_edit: '2025-04-02T17:33:24Z', {"user":"    last_profile_edit: '2025-04-02T17:33:24Z',","metadata":{"emulator":{"name":"functions"},"function":{"name":"us-central1-v1"},"extension":{},"message":"\u001b[90m> \u001b[39m     last_profile_edit: '2025-04-02T17:33:24Z',"}}
[info] >      registration_date: '2025-04-01T08:12:36Z' {"user":"    registration_date: '2025-04-01T08:12:36Z'","metadata":{"emulator":{"name":"functions"},"function":{"name":"us-central1-v1"},"extension":{},"message":"\u001b[90m> \u001b[39m     registration_date: '2025-04-01T08:12:36Z'"}}
[info] >    }, {"user":"  },","metadata":{"emulator":{"name":"functions"},"function":{"name":"us-central1-v1"},"extension":{},"message":"\u001b[90m> \u001b[39m   },"}}
[info] >    createdTime: '2025-04-02T18:17:52.553Z' {"user":"  createdTime: '2025-04-02T18:17:52.553Z'","metadata":{"emulator":{"name":"functions"},"function":{"name":"us-central1-v1"},"extension":{},"message":"\u001b[90m> \u001b[39m   createdTime: '2025-04-02T18:17:52.553Z'"}}
[info] >  } {"user":"}","metadata":{"emulator":{"name":"functions"},"function":{"name":"us-central1-v1"},"extension":{},"message":"\u001b[90m> \u001b[39m }"}}
[debug] [2025-04-02T18:17:54.390Z] Finishing up request with event=pause {"metadata":{"emulator":{"name":"functions"},"function":{"name":"us-central1-v1"},"extension":{},"message":"Finishing up request with event=pause"}}
[info] i  functions: Finished "us-central1-v1" in 6237.424375ms {"metadata":{"emulator":{"name":"functions"},"function":{"name":"us-central1-v1"},"extension":{},"message":"Finished \"us-central1-v1\" in 6237.424375ms"}}
[debug] [2025-04-02T18:17:54.391Z] [worker-us-central1-v1-d73eafdd-82c4-4754-a8ee-74e1b1e90472]: IDLE {"metadata":{"emulator":{"name":"functions"},"function":{"name":"us-central1-v1"},"extension":{},"message":"[worker-us-central1-v1-d73eafdd-82c4-4754-a8ee-74e1b1e90472]: IDLE"}}
[debug] [2025-04-02T18:17:54.391Z] Finishing up request with event=finish {"metadata":{"emulator":{"name":"functions"},"function":{"name":"us-central1-v1"},"extension":{},"message":"Finishing up request with event=finish"}}
[debug] [2025-04-02T18:17:54.391Z] Finishing up request with event=close {"metadata":{"emulator":{"name":"functions"},"function":{"name":"us-central1-v1"},"extension":{},"message":"Finishing up request with event=close"}}
[debug] [2025-04-02T18:17:54.391Z] [work-queue] {"queuedWork":[],"queueLength":0,"runningWork":[],"workRunningCount":0}
[debug] [2025-04-02T18:21:07.896Z] [work-queue] {"queuedWork":["/gravatar-user-profiles/us-central1/v1/users/profiles-2025-04-02T18:21:07.896Z"],"queueLength":1,"runningWork":[],"workRunningCount":0}
[debug] [2025-04-02T18:21:07.896Z] [work-queue] {"queuedWork":[],"queueLength":0,"runningWork":["/gravatar-user-profiles/us-central1/v1/users/profiles-2025-04-02T18:21:07.896Z"],"workRunningCount":1}
[debug] [2025-04-02T18:21:07.896Z] Accepted request OPTIONS /gravatar-user-profiles/us-central1/v1/users/profiles --> us-central1-v1
[debug] [2025-04-02T18:21:07.899Z] [functions] Runtime ready! Sending request! {"metadata":{"emulator":{"name":"functions"},"message":"[functions] Runtime ready! Sending request!"}}
[debug] [2025-04-02T18:21:07.900Z] [functions] Got req.url=/gravatar-user-profiles/us-central1/v1/users/profiles, mapping to path=/users/profiles {"metadata":{"emulator":{"name":"functions"},"message":"[functions] Got req.url=/gravatar-user-profiles/us-central1/v1/users/profiles, mapping to path=/users/profiles"}}
[debug] [2025-04-02T18:21:07.900Z] [worker-pool] submitRequest(triggerId=us-central1-v1) {"metadata":{"emulator":{"name":"functions"},"message":"[worker-pool] submitRequest(triggerId=us-central1-v1)"}}
[info] i  functions: Beginning execution of "us-central1-v1" {"metadata":{"emulator":{"name":"functions"},"function":{"name":"us-central1-v1"},"extension":{},"message":"Beginning execution of \"us-central1-v1\""}}
[debug] [2025-04-02T18:21:07.900Z] [worker-us-central1-v1-d73eafdd-82c4-4754-a8ee-74e1b1e90472]: BUSY {"metadata":{"emulator":{"name":"functions"},"function":{"name":"us-central1-v1"},"extension":{},"message":"[worker-us-central1-v1-d73eafdd-82c4-4754-a8ee-74e1b1e90472]: BUSY"}}
[debug] [2025-04-02T18:21:07.904Z] Finishing up request with event=pause {"metadata":{"emulator":{"name":"functions"},"function":{"name":"us-central1-v1"},"extension":{},"message":"Finishing up request with event=pause"}}
[info] i  functions: Finished "us-central1-v1" in 4.40075ms {"metadata":{"emulator":{"name":"functions"},"function":{"name":"us-central1-v1"},"extension":{},"message":"Finished \"us-central1-v1\" in 4.40075ms"}}
[debug] [2025-04-02T18:21:07.905Z] [worker-us-central1-v1-d73eafdd-82c4-4754-a8ee-74e1b1e90472]: IDLE {"metadata":{"emulator":{"name":"functions"},"function":{"name":"us-central1-v1"},"extension":{},"message":"[worker-us-central1-v1-d73eafdd-82c4-4754-a8ee-74e1b1e90472]: IDLE"}}
[debug] [2025-04-02T18:21:07.905Z] Finishing up request with event=finish {"metadata":{"emulator":{"name":"functions"},"function":{"name":"us-central1-v1"},"extension":{},"message":"Finishing up request with event=finish"}}
[debug] [2025-04-02T18:21:07.905Z] Finishing up request with event=close {"metadata":{"emulator":{"name":"functions"},"function":{"name":"us-central1-v1"},"extension":{},"message":"Finishing up request with event=close"}}
[debug] [2025-04-02T18:21:07.905Z] [work-queue] {"queuedWork":[],"queueLength":0,"runningWork":[],"workRunningCount":0}
[debug] [2025-04-02T18:21:07.908Z] [work-queue] {"queuedWork":["/gravatar-user-profiles/us-central1/v1/users/profiles-2025-04-02T18:21:07.908Z"],"queueLength":1,"runningWork":[],"workRunningCount":0}
[debug] [2025-04-02T18:21:07.908Z] [work-queue] {"queuedWork":[],"queueLength":0,"runningWork":["/gravatar-user-profiles/us-central1/v1/users/profiles-2025-04-02T18:21:07.908Z"],"workRunningCount":1}
[debug] [2025-04-02T18:21:07.908Z] Accepted request POST /gravatar-user-profiles/us-central1/v1/users/profiles --> us-central1-v1
[debug] [2025-04-02T18:21:07.911Z] [functions] Runtime ready! Sending request! {"metadata":{"emulator":{"name":"functions"},"message":"[functions] Runtime ready! Sending request!"}}
[debug] [2025-04-02T18:21:07.911Z] [functions] Got req.url=/gravatar-user-profiles/us-central1/v1/users/profiles, mapping to path=/users/profiles {"metadata":{"emulator":{"name":"functions"},"message":"[functions] Got req.url=/gravatar-user-profiles/us-central1/v1/users/profiles, mapping to path=/users/profiles"}}
[debug] [2025-04-02T18:21:07.911Z] [worker-pool] submitRequest(triggerId=us-central1-v1) {"metadata":{"emulator":{"name":"functions"},"message":"[worker-pool] submitRequest(triggerId=us-central1-v1)"}}
[info] i  functions: Beginning execution of "us-central1-v1" {"metadata":{"emulator":{"name":"functions"},"function":{"name":"us-central1-v1"},"extension":{},"message":"Beginning execution of \"us-central1-v1\""}}
[debug] [2025-04-02T18:21:07.912Z] [worker-us-central1-v1-d73eafdd-82c4-4754-a8ee-74e1b1e90472]: BUSY {"metadata":{"emulator":{"name":"functions"},"function":{"name":"us-central1-v1"},"extension":{},"message":"[worker-us-central1-v1-d73eafdd-82c4-4754-a8ee-74e1b1e90472]: BUSY"}}
[info] >  req.body {"email":"bhuvantmey@gmail.com","fullName":"Bhuvaneshwaran","userName":"sdacsdc","phoneNumber":"8383342182","city":"Dharmapuri","country":"India","bio":"sdcsdc","socialLinks":[{"label":"Facebook","url":"https://www.linkedin.com/feed/"}]} {"user":"req.body {\"email\":\"bhuvantmey@gmail.com\",\"fullName\":\"Bhuvaneshwaran\",\"userName\":\"sdacsdc\",\"phoneNumber\":\"8383342182\",\"city\":\"Dharmapuri\",\"country\":\"India\",\"bio\":\"sdcsdc\",\"socialLinks\":[{\"label\":\"Facebook\",\"url\":\"https://www.linkedin.com/feed/\"}]}","metadata":{"emulator":{"name":"functions"},"function":{"name":"us-central1-v1"},"extension":{},"message":"\u001b[90m> \u001b[39m req.body {\"email\":\"bhuvantmey@gmail.com\",\"fullName\":\"Bhuvaneshwaran\",\"userName\":\"sdacsdc\",\"phoneNumber\":\"8383342182\",\"city\":\"Dharmapuri\",\"country\":\"India\",\"bio\":\"sdcsdc\",\"socialLinks\":[{\"label\":\"Facebook\",\"url\":\"https://www.linkedin.com/feed/\"}]}"}}
[debug] [2025-04-02T18:21:08.308Z] Finishing up request with event=pause {"metadata":{"emulator":{"name":"functions"},"function":{"name":"us-central1-v1"},"extension":{},"message":"Finishing up request with event=pause"}}
[info] i  functions: Finished "us-central1-v1" in 397.112208ms {"metadata":{"emulator":{"name":"functions"},"function":{"name":"us-central1-v1"},"extension":{},"message":"Finished \"us-central1-v1\" in 397.112208ms"}}
[debug] [2025-04-02T18:21:08.309Z] [worker-us-central1-v1-d73eafdd-82c4-4754-a8ee-74e1b1e90472]: IDLE {"metadata":{"emulator":{"name":"functions"},"function":{"name":"us-central1-v1"},"extension":{},"message":"[worker-us-central1-v1-d73eafdd-82c4-4754-a8ee-74e1b1e90472]: IDLE"}}
[debug] [2025-04-02T18:21:08.310Z] Finishing up request with event=finish {"metadata":{"emulator":{"name":"functions"},"function":{"name":"us-central1-v1"},"extension":{},"message":"Finishing up request with event=finish"}}
[debug] [2025-04-02T18:21:08.310Z] Finishing up request with event=close {"metadata":{"emulator":{"name":"functions"},"function":{"name":"us-central1-v1"},"extension":{},"message":"Finishing up request with event=close"}}
[debug] [2025-04-02T18:21:08.310Z] [work-queue] {"queuedWork":[],"queueLength":0,"runningWork":[],"workRunningCount":0}
[debug] [2025-04-02T18:22:52.280Z] [work-queue] {"queuedWork":["/gravatar-user-profiles/us-central1/v1/users/profiles-2025-04-02T18:22:52.280Z"],"queueLength":1,"runningWork":[],"workRunningCount":0}
[debug] [2025-04-02T18:22:52.280Z] [work-queue] {"queuedWork":[],"queueLength":0,"runningWork":["/gravatar-user-profiles/us-central1/v1/users/profiles-2025-04-02T18:22:52.280Z"],"workRunningCount":1}
[debug] [2025-04-02T18:22:52.280Z] Accepted request OPTIONS /gravatar-user-profiles/us-central1/v1/users/profiles --> us-central1-v1
[debug] [2025-04-02T18:22:52.285Z] [functions] Runtime ready! Sending request! {"metadata":{"emulator":{"name":"functions"},"message":"[functions] Runtime ready! Sending request!"}}
[debug] [2025-04-02T18:22:52.286Z] [functions] Got req.url=/gravatar-user-profiles/us-central1/v1/users/profiles, mapping to path=/users/profiles {"metadata":{"emulator":{"name":"functions"},"message":"[functions] Got req.url=/gravatar-user-profiles/us-central1/v1/users/profiles, mapping to path=/users/profiles"}}
[debug] [2025-04-02T18:22:52.286Z] [worker-pool] submitRequest(triggerId=us-central1-v1) {"metadata":{"emulator":{"name":"functions"},"message":"[worker-pool] submitRequest(triggerId=us-central1-v1)"}}
[info] i  functions: Beginning execution of "us-central1-v1" {"metadata":{"emulator":{"name":"functions"},"function":{"name":"us-central1-v1"},"extension":{},"message":"Beginning execution of \"us-central1-v1\""}}
[debug] [2025-04-02T18:22:52.286Z] [worker-us-central1-v1-d73eafdd-82c4-4754-a8ee-74e1b1e90472]: BUSY {"metadata":{"emulator":{"name":"functions"},"function":{"name":"us-central1-v1"},"extension":{},"message":"[worker-us-central1-v1-d73eafdd-82c4-4754-a8ee-74e1b1e90472]: BUSY"}}
[debug] [2025-04-02T18:22:52.289Z] Finishing up request with event=pause {"metadata":{"emulator":{"name":"functions"},"function":{"name":"us-central1-v1"},"extension":{},"message":"Finishing up request with event=pause"}}
[info] i  functions: Finished "us-central1-v1" in 3.11475ms {"metadata":{"emulator":{"name":"functions"},"function":{"name":"us-central1-v1"},"extension":{},"message":"Finished \"us-central1-v1\" in 3.11475ms"}}
[debug] [2025-04-02T18:22:52.290Z] [worker-us-central1-v1-d73eafdd-82c4-4754-a8ee-74e1b1e90472]: IDLE {"metadata":{"emulator":{"name":"functions"},"function":{"name":"us-central1-v1"},"extension":{},"message":"[worker-us-central1-v1-d73eafdd-82c4-4754-a8ee-74e1b1e90472]: IDLE"}}
[debug] [2025-04-02T18:22:52.290Z] Finishing up request with event=finish {"metadata":{"emulator":{"name":"functions"},"function":{"name":"us-central1-v1"},"extension":{},"message":"Finishing up request with event=finish"}}
[debug] [2025-04-02T18:22:52.290Z] Finishing up request with event=close {"metadata":{"emulator":{"name":"functions"},"function":{"name":"us-central1-v1"},"extension":{},"message":"Finishing up request with event=close"}}
[debug] [2025-04-02T18:22:52.290Z] [work-queue] {"queuedWork":[],"queueLength":0,"runningWork":[],"workRunningCount":0}
[debug] [2025-04-02T18:22:52.290Z] [work-queue] {"queuedWork":["/gravatar-user-profiles/us-central1/v1/users/profiles-2025-04-02T18:22:52.290Z"],"queueLength":1,"runningWork":[],"workRunningCount":0}
[debug] [2025-04-02T18:22:52.291Z] [work-queue] {"queuedWork":[],"queueLength":0,"runningWork":["/gravatar-user-profiles/us-central1/v1/users/profiles-2025-04-02T18:22:52.290Z"],"workRunningCount":1}
[debug] [2025-04-02T18:22:52.291Z] Accepted request POST /gravatar-user-profiles/us-central1/v1/users/profiles --> us-central1-v1
[debug] [2025-04-02T18:22:52.293Z] [functions] Runtime ready! Sending request! {"metadata":{"emulator":{"name":"functions"},"message":"[functions] Runtime ready! Sending request!"}}
[debug] [2025-04-02T18:22:52.293Z] [functions] Got req.url=/gravatar-user-profiles/us-central1/v1/users/profiles, mapping to path=/users/profiles {"metadata":{"emulator":{"name":"functions"},"message":"[functions] Got req.url=/gravatar-user-profiles/us-central1/v1/users/profiles, mapping to path=/users/profiles"}}
[debug] [2025-04-02T18:22:52.293Z] [worker-pool] submitRequest(triggerId=us-central1-v1) {"metadata":{"emulator":{"name":"functions"},"message":"[worker-pool] submitRequest(triggerId=us-central1-v1)"}}
[info] i  functions: Beginning execution of "us-central1-v1" {"metadata":{"emulator":{"name":"functions"},"function":{"name":"us-central1-v1"},"extension":{},"message":"Beginning execution of \"us-central1-v1\""}}
[debug] [2025-04-02T18:22:52.293Z] [worker-us-central1-v1-d73eafdd-82c4-4754-a8ee-74e1b1e90472]: BUSY {"metadata":{"emulator":{"name":"functions"},"function":{"name":"us-central1-v1"},"extension":{},"message":"[worker-us-central1-v1-d73eafdd-82c4-4754-a8ee-74e1b1e90472]: BUSY"}}
[info] >  req.body {"email":"jeyaroshini9219@gmail.com","fullName":"Jeyaroshini L S S","userName":"Jeyaroshini L S S","phoneNumber":"6382724457","city":"Madurai","country":"India","bio":"Passionate Web Developer","socialLinks":[{"label":"LinkedIn","url":"https://www.linkedin.com/feed/"}]} {"user":"req.body {\"email\":\"jeyaroshini9219@gmail.com\",\"fullName\":\"Jeyaroshini L S S\",\"userName\":\"Jeyaroshini L S S\",\"phoneNumber\":\"6382724457\",\"city\":\"Madurai\",\"country\":\"India\",\"bio\":\"Passionate Web Developer\",\"socialLinks\":[{\"label\":\"LinkedIn\",\"url\":\"https://www.linkedin.com/feed/\"}]}","metadata":{"emulator":{"name":"functions"},"function":{"name":"us-central1-v1"},"extension":{},"message":"\u001b[90m> \u001b[39m req.body {\"email\":\"jeyaroshini9219@gmail.com\",\"fullName\":\"Jeyaroshini L S S\",\"userName\":\"Jeyaroshini L S S\",\"phoneNumber\":\"6382724457\",\"city\":\"Madurai\",\"country\":\"India\",\"bio\":\"Passionate Web Developer\",\"socialLinks\":[{\"label\":\"LinkedIn\",\"url\":\"https://www.linkedin.com/feed/\"}]}"}}
[info] >  gravatar { {"user":"gravatar {","metadata":{"emulator":{"name":"functions"},"function":{"name":"us-central1-v1"},"extension":{},"message":"\u001b[90m> \u001b[39m gravatar {"}}
[info] >    hash: 'a9818b1879a7dc943bd72370ddf38ac2666060ba3871811cc1d976a9ad42c60c', {"user":"  hash: 'a9818b1879a7dc943bd72370ddf38ac2666060ba3871811cc1d976a9ad42c60c',","metadata":{"emulator":{"name":"functions"},"function":{"name":"us-central1-v1"},"extension":{},"message":"\u001b[90m> \u001b[39m   hash: 'a9818b1879a7dc943bd72370ddf38ac2666060ba3871811cc1d976a9ad42c60c',"}}
[info] >    display_name: 'Jeyaroshini', {"user":"  display_name: 'Jeyaroshini',","metadata":{"emulator":{"name":"functions"},"function":{"name":"us-central1-v1"},"extension":{},"message":"\u001b[90m> \u001b[39m   display_name: 'Jeyaroshini',"}}
[info] >    profile_url: 'https://gravatar.com/zorrodreamily3536442bbc', {"user":"  profile_url: 'https://gravatar.com/zorrodreamily3536442bbc',","metadata":{"emulator":{"name":"functions"},"function":{"name":"us-central1-v1"},"extension":{},"message":"\u001b[90m> \u001b[39m   profile_url: 'https://gravatar.com/zorrodreamily3536442bbc',"}}
[info] >    avatar_url: 'https://0.gravatar.com/avatar/a9818b1879a7dc943bd72370ddf38ac2666060ba3871811cc1d976a9ad42c60c', {"user":"  avatar_url: 'https://0.gravatar.com/avatar/a9818b1879a7dc943bd72370ddf38ac2666060ba3871811cc1d976a9ad42c60c',","metadata":{"emulator":{"name":"functions"},"function":{"name":"us-central1-v1"},"extension":{},"message":"\u001b[90m> \u001b[39m   avatar_url: 'https://0.gravatar.com/avatar/a9818b1879a7dc943bd72370ddf38ac2666060ba3871811cc1d976a9ad42c60c',"}}
[info] >    avatar_alt_text: '', {"user":"  avatar_alt_text: '',","metadata":{"emulator":{"name":"functions"},"function":{"name":"us-central1-v1"},"extension":{},"message":"\u001b[90m> \u001b[39m   avatar_alt_text: '',"}}
[info] >    location: 'Madurai', {"user":"  location: 'Madurai',","metadata":{"emulator":{"name":"functions"},"function":{"name":"us-central1-v1"},"extension":{},"message":"\u001b[90m> \u001b[39m   location: 'Madurai',"}}
[info] >    description: '', {"user":"  description: '',","metadata":{"emulator":{"name":"functions"},"function":{"name":"us-central1-v1"},"extension":{},"message":"\u001b[90m> \u001b[39m   description: '',"}}
[info] >    job_title: '', {"user":"  job_title: '',","metadata":{"emulator":{"name":"functions"},"function":{"name":"us-central1-v1"},"extension":{},"message":"\u001b[90m> \u001b[39m   job_title: '',"}}
[info] >    company: '', {"user":"  company: '',","metadata":{"emulator":{"name":"functions"},"function":{"name":"us-central1-v1"},"extension":{},"message":"\u001b[90m> \u001b[39m   company: '',"}}
[info] >    verified_accounts: [ {"user":"  verified_accounts: [","metadata":{"emulator":{"name":"functions"},"function":{"name":"us-central1-v1"},"extension":{},"message":"\u001b[90m> \u001b[39m   verified_accounts: ["}}
[info] >      { {"user":"    {","metadata":{"emulator":{"name":"functions"},"function":{"name":"us-central1-v1"},"extension":{},"message":"\u001b[90m> \u001b[39m     {"}}
[info] >        service_type: 'linkedin', {"user":"      service_type: 'linkedin',","metadata":{"emulator":{"name":"functions"},"function":{"name":"us-central1-v1"},"extension":{},"message":"\u001b[90m> \u001b[39m       service_type: 'linkedin',"}}
[info] >        service_label: 'LinkedIn', {"user":"      service_label: 'LinkedIn',","metadata":{"emulator":{"name":"functions"},"function":{"name":"us-central1-v1"},"extension":{},"message":"\u001b[90m> \u001b[39m       service_label: 'LinkedIn',"}}
[info] >        service_icon: 'https://gravatar.com/icons/linkedin.svg', {"user":"      service_icon: 'https://gravatar.com/icons/linkedin.svg',","metadata":{"emulator":{"name":"functions"},"function":{"name":"us-central1-v1"},"extension":{},"message":"\u001b[90m> \u001b[39m       service_icon: 'https://gravatar.com/icons/linkedin.svg',"}}
[info] >        url: 'https://www.linkedin.com/in/l-s-s-jeyaroshini-2930bb213', {"user":"      url: 'https://www.linkedin.com/in/l-s-s-jeyaroshini-2930bb213',","metadata":{"emulator":{"name":"functions"},"function":{"name":"us-central1-v1"},"extension":{},"message":"\u001b[90m> \u001b[39m       url: 'https://www.linkedin.com/in/l-s-s-jeyaroshini-2930bb213',"}}
[info] >        is_hidden: false {"user":"      is_hidden: false","metadata":{"emulator":{"name":"functions"},"function":{"name":"us-central1-v1"},"extension":{},"message":"\u001b[90m> \u001b[39m       is_hidden: false"}}
[info] >      } {"user":"    }","metadata":{"emulator":{"name":"functions"},"function":{"name":"us-central1-v1"},"extension":{},"message":"\u001b[90m> \u001b[39m     }"}}
[info] >    ], {"user":"  ],","metadata":{"emulator":{"name":"functions"},"function":{"name":"us-central1-v1"},"extension":{},"message":"\u001b[90m> \u001b[39m   ],"}}
[info] >    pronunciation: '', {"user":"  pronunciation: '',","metadata":{"emulator":{"name":"functions"},"function":{"name":"us-central1-v1"},"extension":{},"message":"\u001b[90m> \u001b[39m   pronunciation: '',"}}
[info] >    pronouns: '', {"user":"  pronouns: '',","metadata":{"emulator":{"name":"functions"},"function":{"name":"us-central1-v1"},"extension":{},"message":"\u001b[90m> \u001b[39m   pronouns: '',"}}
[info] >    timezone: '', {"user":"  timezone: '',","metadata":{"emulator":{"name":"functions"},"function":{"name":"us-central1-v1"},"extension":{},"message":"\u001b[90m> \u001b[39m   timezone: '',"}}
[info] >    languages: [], {"user":"  languages: [],","metadata":{"emulator":{"name":"functions"},"function":{"name":"us-central1-v1"},"extension":{},"message":"\u001b[90m> \u001b[39m   languages: [],"}}
[info] >    first_name: '', {"user":"  first_name: '',","metadata":{"emulator":{"name":"functions"},"function":{"name":"us-central1-v1"},"extension":{},"message":"\u001b[90m> \u001b[39m   first_name: '',"}}
[info] >    last_name: '', {"user":"  last_name: '',","metadata":{"emulator":{"name":"functions"},"function":{"name":"us-central1-v1"},"extension":{},"message":"\u001b[90m> \u001b[39m   last_name: '',"}}
[info] >    is_organization: false, {"user":"  is_organization: false,","metadata":{"emulator":{"name":"functions"},"function":{"name":"us-central1-v1"},"extension":{},"message":"\u001b[90m> \u001b[39m   is_organization: false,"}}
[info] >    links: [ {"user":"  links: [","metadata":{"emulator":{"name":"functions"},"function":{"name":"us-central1-v1"},"extension":{},"message":"\u001b[90m> \u001b[39m   links: ["}}
[info] >      { {"user":"    {","metadata":{"emulator":{"name":"functions"},"function":{"name":"us-central1-v1"},"extension":{},"message":"\u001b[90m> \u001b[39m     {"}}
[info] >        label: 'Linked In', {"user":"      label: 'Linked In',","metadata":{"emulator":{"name":"functions"},"function":{"name":"us-central1-v1"},"extension":{},"message":"\u001b[90m> \u001b[39m       label: 'Linked In',"}}
[info] >        url: 'https://www.linkedin.com/in/l-s-s-jeyaroshini-2930bb213/' {"user":"      url: 'https://www.linkedin.com/in/l-s-s-jeyaroshini-2930bb213/'","metadata":{"emulator":{"name":"functions"},"function":{"name":"us-central1-v1"},"extension":{},"message":"\u001b[90m> \u001b[39m       url: 'https://www.linkedin.com/in/l-s-s-jeyaroshini-2930bb213/'"}}
[info] >      } {"user":"    }","metadata":{"emulator":{"name":"functions"},"function":{"name":"us-central1-v1"},"extension":{},"message":"\u001b[90m> \u001b[39m     }"}}
[info] >    ], {"user":"  ],","metadata":{"emulator":{"name":"functions"},"function":{"name":"us-central1-v1"},"extension":{},"message":"\u001b[90m> \u001b[39m   ],"}}
[info] >    interests: [ { id: 97, name: 'Cooking' }, { id: 150, name: 'Gardening' } ], {"user":"  interests: [ { id: 97, name: 'Cooking' }, { id: 150, name: 'Gardening' } ],","metadata":{"emulator":{"name":"functions"},"function":{"name":"us-central1-v1"},"extension":{},"message":"\u001b[90m> \u001b[39m   interests: [ { id: 97, name: 'Cooking' }, { id: 150, name: 'Gardening' } ],"}}
[info] >    payments: { links: [], crypto_wallets: [] }, {"user":"  payments: { links: [], crypto_wallets: [] },","metadata":{"emulator":{"name":"functions"},"function":{"name":"us-central1-v1"},"extension":{},"message":"\u001b[90m> \u001b[39m   payments: { links: [], crypto_wallets: [] },"}}
[info] >    contact_info: { {"user":"  contact_info: {","metadata":{"emulator":{"name":"functions"},"function":{"name":"us-central1-v1"},"extension":{},"message":"\u001b[90m> \u001b[39m   contact_info: {"}}
[info] >      home_phone: '', {"user":"    home_phone: '',","metadata":{"emulator":{"name":"functions"},"function":{"name":"us-central1-v1"},"extension":{},"message":"\u001b[90m> \u001b[39m     home_phone: '',"}}
[info] >      work_phone: '', {"user":"    work_phone: '',","metadata":{"emulator":{"name":"functions"},"function":{"name":"us-central1-v1"},"extension":{},"message":"\u001b[90m> \u001b[39m     work_phone: '',"}}
[info] >      cell_phone: '', {"user":"    cell_phone: '',","metadata":{"emulator":{"name":"functions"},"function":{"name":"us-central1-v1"},"extension":{},"message":"\u001b[90m> \u001b[39m     cell_phone: '',"}}
[info] >      email: 'jeyaroshini2001@gmail.com', {"user":"    email: 'jeyaroshini2001@gmail.com',","metadata":{"emulator":{"name":"functions"},"function":{"name":"us-central1-v1"},"extension":{},"message":"\u001b[90m> \u001b[39m     email: 'jeyaroshini2001@gmail.com',"}}
[info] >      contact_form: '', {"user":"    contact_form: '',","metadata":{"emulator":{"name":"functions"},"function":{"name":"us-central1-v1"},"extension":{},"message":"\u001b[90m> \u001b[39m     contact_form: '',"}}
[info] >      calendar: '' {"user":"    calendar: ''","metadata":{"emulator":{"name":"functions"},"function":{"name":"us-central1-v1"},"extension":{},"message":"\u001b[90m> \u001b[39m     calendar: ''"}}
[info] >    }, {"user":"  },","metadata":{"emulator":{"name":"functions"},"function":{"name":"us-central1-v1"},"extension":{},"message":"\u001b[90m> \u001b[39m   },"}}
[info] >    gallery: [], {"user":"  gallery: [],","metadata":{"emulator":{"name":"functions"},"function":{"name":"us-central1-v1"},"extension":{},"message":"\u001b[90m> \u001b[39m   gallery: [],"}}
[info] >    number_verified_accounts: 1, {"user":"  number_verified_accounts: 1,","metadata":{"emulator":{"name":"functions"},"function":{"name":"us-central1-v1"},"extension":{},"message":"\u001b[90m> \u001b[39m   number_verified_accounts: 1,"}}
[info] >    last_profile_edit: '2025-04-02T17:33:24Z', {"user":"  last_profile_edit: '2025-04-02T17:33:24Z',","metadata":{"emulator":{"name":"functions"},"function":{"name":"us-central1-v1"},"extension":{},"message":"\u001b[90m> \u001b[39m   last_profile_edit: '2025-04-02T17:33:24Z',"}}
[info] >    registration_date: '2025-04-01T08:12:36Z' {"user":"  registration_date: '2025-04-01T08:12:36Z'","metadata":{"emulator":{"name":"functions"},"function":{"name":"us-central1-v1"},"extension":{},"message":"\u001b[90m> \u001b[39m   registration_date: '2025-04-01T08:12:36Z'"}}
[info] >  } {"user":"}","metadata":{"emulator":{"name":"functions"},"function":{"name":"us-central1-v1"},"extension":{},"message":"\u001b[90m> \u001b[39m }"}}
[info] >  { {"user":"{","metadata":{"emulator":{"name":"functions"},"function":{"name":"us-central1-v1"},"extension":{},"message":"\u001b[90m> \u001b[39m {"}}
[info] >    email: 'jeyaroshini9219@gmail.com', {"user":"  email: 'jeyaroshini9219@gmail.com',","metadata":{"emulator":{"name":"functions"},"function":{"name":"us-central1-v1"},"extension":{},"message":"\u001b[90m> \u001b[39m   email: 'jeyaroshini9219@gmail.com',"}}
[info] >    fullName: 'Jeyaroshini L S S', {"user":"  fullName: 'Jeyaroshini L S S',","metadata":{"emulator":{"name":"functions"},"function":{"name":"us-central1-v1"},"extension":{},"message":"\u001b[90m> \u001b[39m   fullName: 'Jeyaroshini L S S',"}}
[info] >    userName: 'Jeyaroshini L S S', {"user":"  userName: 'Jeyaroshini L S S',","metadata":{"emulator":{"name":"functions"},"function":{"name":"us-central1-v1"},"extension":{},"message":"\u001b[90m> \u001b[39m   userName: 'Jeyaroshini L S S',"}}
[info] >    phoneNumber: '6382724457', {"user":"  phoneNumber: '6382724457',","metadata":{"emulator":{"name":"functions"},"function":{"name":"us-central1-v1"},"extension":{},"message":"\u001b[90m> \u001b[39m   phoneNumber: '6382724457',"}}
[info] >    city: 'Madurai', {"user":"  city: 'Madurai',","metadata":{"emulator":{"name":"functions"},"function":{"name":"us-central1-v1"},"extension":{},"message":"\u001b[90m> \u001b[39m   city: 'Madurai',"}}
[info] >    country: 'India', {"user":"  country: 'India',","metadata":{"emulator":{"name":"functions"},"function":{"name":"us-central1-v1"},"extension":{},"message":"\u001b[90m> \u001b[39m   country: 'India',"}}
[info] >    location: 'Madurai, India', {"user":"  location: 'Madurai, India',","metadata":{"emulator":{"name":"functions"},"function":{"name":"us-central1-v1"},"extension":{},"message":"\u001b[90m> \u001b[39m   location: 'Madurai, India',"}}
[info] >    bio: 'Passionate Web Developer', {"user":"  bio: 'Passionate Web Developer',","metadata":{"emulator":{"name":"functions"},"function":{"name":"us-central1-v1"},"extension":{},"message":"\u001b[90m> \u001b[39m   bio: 'Passionate Web Developer',"}}
[info] >    socialLinks: [ { label: 'LinkedIn', url: 'https://www.linkedin.com/feed/' } ], {"user":"  socialLinks: [ { label: 'LinkedIn', url: 'https://www.linkedin.com/feed/' } ],","metadata":{"emulator":{"name":"functions"},"function":{"name":"us-central1-v1"},"extension":{},"message":"\u001b[90m> \u001b[39m   socialLinks: [ { label: 'LinkedIn', url: 'https://www.linkedin.com/feed/' } ],"}}
[info] >    gravatar: { {"user":"  gravatar: {","metadata":{"emulator":{"name":"functions"},"function":{"name":"us-central1-v1"},"extension":{},"message":"\u001b[90m> \u001b[39m   gravatar: {"}}
[info] >      userName: 'Jeyaroshini', {"user":"    userName: 'Jeyaroshini',","metadata":{"emulator":{"name":"functions"},"function":{"name":"us-central1-v1"},"extension":{},"message":"\u001b[90m> \u001b[39m     userName: 'Jeyaroshini',"}}
[info] >      profile_url: 'https://gravatar.com/zorrodreamily3536442bbc', {"user":"    profile_url: 'https://gravatar.com/zorrodreamily3536442bbc',","metadata":{"emulator":{"name":"functions"},"function":{"name":"us-central1-v1"},"extension":{},"message":"\u001b[90m> \u001b[39m     profile_url: 'https://gravatar.com/zorrodreamily3536442bbc',"}}
[info] >      avatar_url: { {"user":"    avatar_url: {","metadata":{"emulator":{"name":"functions"},"function":{"name":"us-central1-v1"},"extension":{},"message":"\u001b[90m> \u001b[39m     avatar_url: {"}}
[info] >        url: 'https://0.gravatar.com/avatar/a9818b1879a7dc943bd72370ddf38ac2666060ba3871811cc1d976a9ad42c60c', {"user":"      url: 'https://0.gravatar.com/avatar/a9818b1879a7dc943bd72370ddf38ac2666060ba3871811cc1d976a9ad42c60c',","metadata":{"emulator":{"name":"functions"},"function":{"name":"us-central1-v1"},"extension":{},"message":"\u001b[90m> \u001b[39m       url: 'https://0.gravatar.com/avatar/a9818b1879a7dc943bd72370ddf38ac2666060ba3871811cc1d976a9ad42c60c',"}}
[info] >        background_color: '' {"user":"      background_color: ''","metadata":{"emulator":{"name":"functions"},"function":{"name":"us-central1-v1"},"extension":{},"message":"\u001b[90m> \u001b[39m       background_color: ''"}}
[info] >      }, {"user":"    },","metadata":{"emulator":{"name":"functions"},"function":{"name":"us-central1-v1"},"extension":{},"message":"\u001b[90m> \u001b[39m     },"}}
[info] >      location: 'Madurai', {"user":"    location: 'Madurai',","metadata":{"emulator":{"name":"functions"},"function":{"name":"us-central1-v1"},"extension":{},"message":"\u001b[90m> \u001b[39m     location: 'Madurai',"}}
[info] >      bio: '' {"user":"    bio: ''","metadata":{"emulator":{"name":"functions"},"function":{"name":"us-central1-v1"},"extension":{},"message":"\u001b[90m> \u001b[39m     bio: ''"}}
[info] >    }, {"user":"  },","metadata":{"emulator":{"name":"functions"},"function":{"name":"us-central1-v1"},"extension":{},"message":"\u001b[90m> \u001b[39m   },"}}
[info] >    gravatarOrginal: { {"user":"  gravatarOrginal: {","metadata":{"emulator":{"name":"functions"},"function":{"name":"us-central1-v1"},"extension":{},"message":"\u001b[90m> \u001b[39m   gravatarOrginal: {"}}
[info] >      hash: 'a9818b1879a7dc943bd72370ddf38ac2666060ba3871811cc1d976a9ad42c60c', {"user":"    hash: 'a9818b1879a7dc943bd72370ddf38ac2666060ba3871811cc1d976a9ad42c60c',","metadata":{"emulator":{"name":"functions"},"function":{"name":"us-central1-v1"},"extension":{},"message":"\u001b[90m> \u001b[39m     hash: 'a9818b1879a7dc943bd72370ddf38ac2666060ba3871811cc1d976a9ad42c60c',"}}
[info] >      display_name: 'Jeyaroshini', {"user":"    display_name: 'Jeyaroshini',","metadata":{"emulator":{"name":"functions"},"function":{"name":"us-central1-v1"},"extension":{},"message":"\u001b[90m> \u001b[39m     display_name: 'Jeyaroshini',"}}
[info] >      profile_url: 'https://gravatar.com/zorrodreamily3536442bbc', {"user":"    profile_url: 'https://gravatar.com/zorrodreamily3536442bbc',","metadata":{"emulator":{"name":"functions"},"function":{"name":"us-central1-v1"},"extension":{},"message":"\u001b[90m> \u001b[39m     profile_url: 'https://gravatar.com/zorrodreamily3536442bbc',"}}
[info] >      avatar_url: 'https://0.gravatar.com/avatar/a9818b1879a7dc943bd72370ddf38ac2666060ba3871811cc1d976a9ad42c60c', {"user":"    avatar_url: 'https://0.gravatar.com/avatar/a9818b1879a7dc943bd72370ddf38ac2666060ba3871811cc1d976a9ad42c60c',","metadata":{"emulator":{"name":"functions"},"function":{"name":"us-central1-v1"},"extension":{},"message":"\u001b[90m> \u001b[39m     avatar_url: 'https://0.gravatar.com/avatar/a9818b1879a7dc943bd72370ddf38ac2666060ba3871811cc1d976a9ad42c60c',"}}
[info] >      avatar_alt_text: '', {"user":"    avatar_alt_text: '',","metadata":{"emulator":{"name":"functions"},"function":{"name":"us-central1-v1"},"extension":{},"message":"\u001b[90m> \u001b[39m     avatar_alt_text: '',"}}
[info] >      location: 'Madurai', {"user":"    location: 'Madurai',","metadata":{"emulator":{"name":"functions"},"function":{"name":"us-central1-v1"},"extension":{},"message":"\u001b[90m> \u001b[39m     location: 'Madurai',"}}
[info] >      description: '', {"user":"    description: '',","metadata":{"emulator":{"name":"functions"},"function":{"name":"us-central1-v1"},"extension":{},"message":"\u001b[90m> \u001b[39m     description: '',"}}
[info] >      job_title: '', {"user":"    job_title: '',","metadata":{"emulator":{"name":"functions"},"function":{"name":"us-central1-v1"},"extension":{},"message":"\u001b[90m> \u001b[39m     job_title: '',"}}
[info] >      company: '', {"user":"    company: '',","metadata":{"emulator":{"name":"functions"},"function":{"name":"us-central1-v1"},"extension":{},"message":"\u001b[90m> \u001b[39m     company: '',"}}
[info] >      verified_accounts: [ [Object] ], {"user":"    verified_accounts: [ [Object] ],","metadata":{"emulator":{"name":"functions"},"function":{"name":"us-central1-v1"},"extension":{},"message":"\u001b[90m> \u001b[39m     verified_accounts: [ [Object] ],"}}
[info] >      pronunciation: '', {"user":"    pronunciation: '',","metadata":{"emulator":{"name":"functions"},"function":{"name":"us-central1-v1"},"extension":{},"message":"\u001b[90m> \u001b[39m     pronunciation: '',"}}
[info] >      pronouns: '', {"user":"    pronouns: '',","metadata":{"emulator":{"name":"functions"},"function":{"name":"us-central1-v1"},"extension":{},"message":"\u001b[90m> \u001b[39m     pronouns: '',"}}
[info] >      timezone: '', {"user":"    timezone: '',","metadata":{"emulator":{"name":"functions"},"function":{"name":"us-central1-v1"},"extension":{},"message":"\u001b[90m> \u001b[39m     timezone: '',"}}
[info] >      languages: [], {"user":"    languages: [],","metadata":{"emulator":{"name":"functions"},"function":{"name":"us-central1-v1"},"extension":{},"message":"\u001b[90m> \u001b[39m     languages: [],"}}
[info] >      first_name: '', {"user":"    first_name: '',","metadata":{"emulator":{"name":"functions"},"function":{"name":"us-central1-v1"},"extension":{},"message":"\u001b[90m> \u001b[39m     first_name: '',"}}
[info] >      last_name: '', {"user":"    last_name: '',","metadata":{"emulator":{"name":"functions"},"function":{"name":"us-central1-v1"},"extension":{},"message":"\u001b[90m> \u001b[39m     last_name: '',"}}
[info] >      is_organization: false, {"user":"    is_organization: false,","metadata":{"emulator":{"name":"functions"},"function":{"name":"us-central1-v1"},"extension":{},"message":"\u001b[90m> \u001b[39m     is_organization: false,"}}
[info] >      links: [ [Object] ], {"user":"    links: [ [Object] ],","metadata":{"emulator":{"name":"functions"},"function":{"name":"us-central1-v1"},"extension":{},"message":"\u001b[90m> \u001b[39m     links: [ [Object] ],"}}
[info] >      interests: [ [Object], [Object] ], {"user":"    interests: [ [Object], [Object] ],","metadata":{"emulator":{"name":"functions"},"function":{"name":"us-central1-v1"},"extension":{},"message":"\u001b[90m> \u001b[39m     interests: [ [Object], [Object] ],"}}
[info] >      payments: { links: [], crypto_wallets: [] }, {"user":"    payments: { links: [], crypto_wallets: [] },","metadata":{"emulator":{"name":"functions"},"function":{"name":"us-central1-v1"},"extension":{},"message":"\u001b[90m> \u001b[39m     payments: { links: [], crypto_wallets: [] },"}}
[info] >      contact_info: { {"user":"    contact_info: {","metadata":{"emulator":{"name":"functions"},"function":{"name":"us-central1-v1"},"extension":{},"message":"\u001b[90m> \u001b[39m     contact_info: {"}}
[info] >        home_phone: '', {"user":"      home_phone: '',","metadata":{"emulator":{"name":"functions"},"function":{"name":"us-central1-v1"},"extension":{},"message":"\u001b[90m> \u001b[39m       home_phone: '',"}}
[info] >        work_phone: '', {"user":"      work_phone: '',","metadata":{"emulator":{"name":"functions"},"function":{"name":"us-central1-v1"},"extension":{},"message":"\u001b[90m> \u001b[39m       work_phone: '',"}}
[info] >        cell_phone: '', {"user":"      cell_phone: '',","metadata":{"emulator":{"name":"functions"},"function":{"name":"us-central1-v1"},"extension":{},"message":"\u001b[90m> \u001b[39m       cell_phone: '',"}}
[info] >        email: 'jeyaroshini2001@gmail.com', {"user":"      email: 'jeyaroshini2001@gmail.com',","metadata":{"emulator":{"name":"functions"},"function":{"name":"us-central1-v1"},"extension":{},"message":"\u001b[90m> \u001b[39m       email: 'jeyaroshini2001@gmail.com',"}}
[info] >        contact_form: '', {"user":"      contact_form: '',","metadata":{"emulator":{"name":"functions"},"function":{"name":"us-central1-v1"},"extension":{},"message":"\u001b[90m> \u001b[39m       contact_form: '',"}}
[info] >        calendar: '' {"user":"      calendar: ''","metadata":{"emulator":{"name":"functions"},"function":{"name":"us-central1-v1"},"extension":{},"message":"\u001b[90m> \u001b[39m       calendar: ''"}}
[info] >      }, {"user":"    },","metadata":{"emulator":{"name":"functions"},"function":{"name":"us-central1-v1"},"extension":{},"message":"\u001b[90m> \u001b[39m     },"}}
[info] >      gallery: [], {"user":"    gallery: [],","metadata":{"emulator":{"name":"functions"},"function":{"name":"us-central1-v1"},"extension":{},"message":"\u001b[90m> \u001b[39m     gallery: [],"}}
[info] >      number_verified_accounts: 1, {"user":"    number_verified_accounts: 1,","metadata":{"emulator":{"name":"functions"},"function":{"name":"us-central1-v1"},"extension":{},"message":"\u001b[90m> \u001b[39m     number_verified_accounts: 1,"}}
[info] >      last_profile_edit: '2025-04-02T17:33:24Z', {"user":"    last_profile_edit: '2025-04-02T17:33:24Z',","metadata":{"emulator":{"name":"functions"},"function":{"name":"us-central1-v1"},"extension":{},"message":"\u001b[90m> \u001b[39m     last_profile_edit: '2025-04-02T17:33:24Z',"}}
[info] >      registration_date: '2025-04-01T08:12:36Z' {"user":"    registration_date: '2025-04-01T08:12:36Z'","metadata":{"emulator":{"name":"functions"},"function":{"name":"us-central1-v1"},"extension":{},"message":"\u001b[90m> \u001b[39m     registration_date: '2025-04-01T08:12:36Z'"}}
[info] >    }, {"user":"  },","metadata":{"emulator":{"name":"functions"},"function":{"name":"us-central1-v1"},"extension":{},"message":"\u001b[90m> \u001b[39m   },"}}
[info] >    createdTime: '2025-04-02T18:22:54.627Z' {"user":"  createdTime: '2025-04-02T18:22:54.627Z'","metadata":{"emulator":{"name":"functions"},"function":{"name":"us-central1-v1"},"extension":{},"message":"\u001b[90m> \u001b[39m   createdTime: '2025-04-02T18:22:54.627Z'"}}
[info] >  } {"user":"}","metadata":{"emulator":{"name":"functions"},"function":{"name":"us-central1-v1"},"extension":{},"message":"\u001b[90m> \u001b[39m }"}}
[debug] [2025-04-02T18:22:56.343Z] Finishing up request with event=pause {"metadata":{"emulator":{"name":"functions"},"function":{"name":"us-central1-v1"},"extension":{},"message":"Finishing up request with event=pause"}}
[info] i  functions: Finished "us-central1-v1" in 4049.487834ms {"metadata":{"emulator":{"name":"functions"},"function":{"name":"us-central1-v1"},"extension":{},"message":"Finished \"us-central1-v1\" in 4049.487834ms"}}
[debug] [2025-04-02T18:22:56.343Z] [worker-us-central1-v1-d73eafdd-82c4-4754-a8ee-74e1b1e90472]: IDLE {"metadata":{"emulator":{"name":"functions"},"function":{"name":"us-central1-v1"},"extension":{},"message":"[worker-us-central1-v1-d73eafdd-82c4-4754-a8ee-74e1b1e90472]: IDLE"}}
[debug] [2025-04-02T18:22:56.343Z] Finishing up request with event=finish {"metadata":{"emulator":{"name":"functions"},"function":{"name":"us-central1-v1"},"extension":{},"message":"Finishing up request with event=finish"}}
[debug] [2025-04-02T18:22:56.344Z] Finishing up request with event=close {"metadata":{"emulator":{"name":"functions"},"function":{"name":"us-central1-v1"},"extension":{},"message":"Finishing up request with event=close"}}
[debug] [2025-04-02T18:22:56.344Z] [work-queue] {"queuedWork":[],"queueLength":0,"runningWork":[],"workRunningCount":0}
[debug] [2025-04-02T18:45:15.168Z] File /Users/bhuvantmey/Documents/gravatar-user-profiles/functions/index.js changed, reloading triggers {"metadata":{"emulator":{"name":"functions"},"message":"File /Users/bhuvantmey/Documents/gravatar-user-profiles/functions/index.js changed, reloading triggers"}}
[debug] [2025-04-02T18:45:16.172Z] Validating nodejs source
[debug] [2025-04-02T18:45:16.986Z] > [functions] package.json contents: {
  "name": "functions",
  "description": "Cloud Functions for Firebase",
  "scripts": {
    "lint": "eslint .",
    "serve": "firebase emulators:start --only functions",
    "shell": "firebase functions:shell",
    "start": "npm run shell",
    "deploy": "firebase deploy --only functions",
    "logs": "firebase functions:log"
  },
  "engines": {
    "node": "22"
  },
  "main": "index.js",
  "dependencies": {
    "firebase-admin": "^13.2.0",
    "firebase-functions": "^6.3.2"
  },
  "devDependencies": {
    "eslint": "^8.15.0",
    "eslint-config-google": "^0.14.0",
    "firebase-functions-test": "^3.1.0"
  },
  "private": true
}
[debug] [2025-04-02T18:45:16.986Z] Building nodejs source
[debug] [2025-04-02T18:45:16.986Z] Failed to find version of module node: reached end of search path /Users/bhuvantmey/Documents/gravatar-user-profiles/functions/node_modules
[info] ✔  functions: Using node@22 from host. 
[debug] [2025-04-02T18:45:16.988Z] Could not find functions.yaml. Must use http discovery
[debug] [2025-04-02T18:45:16.989Z] Found firebase-functions binary at '/Users/bhuvantmey/Documents/gravatar-user-profiles/functions/node_modules/.bin/firebase-functions'
[info] Serving at port 8453

[debug] [2025-04-02T18:45:17.307Z] Got response from /__/functions.yaml {"endpoints":{"v1":{"availableMemoryMb":null,"timeoutSeconds":null,"minInstances":null,"maxInstances":null,"ingressSettings":null,"concurrency":null,"serviceAccountEmail":null,"vpc":null,"platform":"gcfv2","labels":{},"httpsTrigger":{},"entryPoint":"v1"}},"specVersion":"v1alpha1","requiredAPIs":[],"extensions":{}}
[info] ✔  functions: Loaded functions definitions from source: v1. {"metadata":{"emulator":{"name":"functions"},"message":"Loaded functions definitions from source: v1."}}
[debug] [2025-04-02T18:45:21.322Z] [worker-pool] Shutting down IDLE worker (us-central1-v1) {"metadata":{"emulator":{"name":"functions"},"message":"[worker-pool] Shutting down IDLE worker (us-central1-v1)"}}
[debug] [2025-04-02T18:45:21.322Z] [worker-us-central1-v1-d73eafdd-82c4-4754-a8ee-74e1b1e90472]: FINISHING {"metadata":{"emulator":{"name":"functions"},"function":{"name":"us-central1-v1"},"extension":{},"message":"[worker-us-central1-v1-d73eafdd-82c4-4754-a8ee-74e1b1e90472]: FINISHING"}}
[debug] [2025-04-02T18:45:21.334Z] [worker-us-central1-v1-d73eafdd-82c4-4754-a8ee-74e1b1e90472]: exited {"metadata":{"emulator":{"name":"functions"},"function":{"name":"us-central1-v1"},"extension":{},"message":"[worker-us-central1-v1-d73eafdd-82c4-4754-a8ee-74e1b1e90472]: exited"}}
[debug] [2025-04-02T18:45:21.334Z] [worker-us-central1-v1-d73eafdd-82c4-4754-a8ee-74e1b1e90472]: FINISHED {"metadata":{"emulator":{"name":"functions"},"function":{"name":"us-central1-v1"},"extension":{},"message":"[worker-us-central1-v1-d73eafdd-82c4-4754-a8ee-74e1b1e90472]: FINISHED"}}
